2022/08/04 09:24:24 [notice] 1#1: using the "epoll" event method
2022/08/04 09:24:24 [notice] 1#1: nginx/1.23.1
2022/08/04 09:24:24 [notice] 1#1: built by gcc 10.2.1 20210110 (Debian 10.2.1-6) 
2022/08/04 09:24:24 [notice] 1#1: OS: Linux 5.15.0-43-generic
2022/08/04 09:24:24 [notice] 1#1: getrlimit(RLIMIT_NOFILE): 1048576:1048576
2022/08/04 09:24:24 [notice] 1#1: start worker processes
2022/08/04 09:24:24 [notice] 1#1: start worker process 23
2022/08/04 09:24:24 [notice] 1#1: start worker process 24
2022/08/04 09:24:24 [notice] 1#1: start worker process 25
2022/08/04 09:24:24 [notice] 1#1: start worker process 26
2022/08/04 09:24:24 [notice] 1#1: start worker process 27
2022/08/04 09:24:24 [notice] 1#1: start worker process 28
2022/08/04 09:24:24 [notice] 1#1: start worker process 29
2022/08/04 09:24:24 [notice] 1#1: start worker process 30
2022/08/04 12:35:08 [notice] 1#1: signal 3 (SIGQUIT) received, shutting down
2022/08/04 12:35:08 [notice] 23#23: gracefully shutting down
2022/08/04 12:35:08 [notice] 25#25: gracefully shutting down
2022/08/04 12:35:08 [notice] 27#27: gracefully shutting down
2022/08/04 12:35:08 [notice] 23#23: exiting
2022/08/04 12:35:08 [notice] 25#25: exiting
2022/08/04 12:35:08 [notice] 27#27: exiting
2022/08/04 12:35:08 [notice] 25#25: exit
2022/08/04 12:35:08 [notice] 23#23: exit
2022/08/04 12:35:08 [notice] 27#27: exit
2022/08/04 12:35:08 [notice] 28#28: gracefully shutting down
2022/08/04 12:35:08 [notice] 30#30: gracefully shutting down
2022/08/04 12:35:08 [notice] 28#28: exiting
2022/08/04 12:35:08 [notice] 30#30: exiting
2022/08/04 12:35:08 [notice] 30#30: exit
2022/08/04 12:35:08 [notice] 28#28: exit
2022/08/04 12:35:08 [notice] 24#24: gracefully shutting down
2022/08/04 12:35:08 [notice] 24#24: exiting
2022/08/04 12:35:08 [notice] 24#24: exit
2022/08/04 12:35:08 [notice] 26#26: gracefully shutting down
2022/08/04 12:35:08 [notice] 26#26: exiting
2022/08/04 12:35:08 [notice] 26#26: exit
2022/08/04 12:35:08 [notice] 29#29: gracefully shutting down
2022/08/04 12:35:08 [notice] 29#29: exiting
2022/08/04 12:35:08 [notice] 29#29: exit
2022/08/04 12:35:08 [notice] 1#1: signal 17 (SIGCHLD) received from 30
2022/08/04 12:35:08 [notice] 1#1: worker process 24 exited with code 0
2022/08/04 12:35:08 [notice] 1#1: worker process 26 exited with code 0
2022/08/04 12:35:08 [notice] 1#1: worker process 30 exited with code 0
2022/08/04 12:35:08 [notice] 1#1: signal 29 (SIGIO) received
2022/08/04 12:35:08 [notice] 1#1: signal 17 (SIGCHLD) received from 23
2022/08/04 12:35:08 [notice] 1#1: worker process 23 exited with code 0
2022/08/04 12:35:08 [notice] 1#1: signal 29 (SIGIO) received
2022/08/04 12:35:08 [notice] 1#1: signal 17 (SIGCHLD) received from 28
2022/08/04 12:35:08 [notice] 1#1: worker process 28 exited with code 0
2022/08/04 12:35:08 [notice] 1#1: signal 29 (SIGIO) received
2022/08/04 12:35:08 [notice] 1#1: signal 17 (SIGCHLD) received from 27
2022/08/04 12:35:08 [notice] 1#1: worker process 25 exited with code 0
2022/08/04 12:35:08 [notice] 1#1: worker process 27 exited with code 0
2022/08/04 12:35:08 [notice] 1#1: signal 29 (SIGIO) received
2022/08/04 12:35:08 [notice] 1#1: signal 17 (SIGCHLD) received from 29
2022/08/04 12:35:08 [notice] 1#1: worker process 29 exited with code 0
2022/08/04 12:35:08 [notice] 1#1: exit
2022/08/04 15:19:40 [notice] 1#1: using the "epoll" event method
2022/08/04 15:19:40 [notice] 1#1: nginx/1.23.1
2022/08/04 15:19:40 [notice] 1#1: built by gcc 10.2.1 20210110 (Debian 10.2.1-6) 
2022/08/04 15:19:40 [notice] 1#1: OS: Linux 5.15.0-43-generic
2022/08/04 15:19:40 [notice] 1#1: getrlimit(RLIMIT_NOFILE): 1048576:1048576
2022/08/04 15:19:40 [notice] 1#1: start worker processes
2022/08/04 15:19:40 [notice] 1#1: start worker process 23
2022/08/04 15:19:40 [notice] 1#1: start worker process 24
2022/08/04 15:19:40 [notice] 1#1: start worker process 25
2022/08/04 15:19:40 [notice] 1#1: start worker process 26
2022/08/04 15:19:40 [notice] 1#1: start worker process 27
2022/08/04 15:19:40 [notice] 1#1: start worker process 28
2022/08/04 15:19:40 [notice] 1#1: start worker process 29
2022/08/04 15:19:40 [notice] 1#1: start worker process 30
2022/08/04 16:51:34 [notice] 1#1: signal 3 (SIGQUIT) received, shutting down
2022/08/04 16:51:34 [notice] 24#24: gracefully shutting down
2022/08/04 16:51:34 [notice] 23#23: gracefully shutting down
2022/08/04 16:51:34 [notice] 24#24: exiting
2022/08/04 16:51:34 [notice] 23#23: exiting
2022/08/04 16:51:34 [notice] 23#23: exit
2022/08/04 16:51:34 [notice] 24#24: exit
2022/08/04 16:51:34 [notice] 25#25: gracefully shutting down
2022/08/04 16:51:34 [notice] 26#26: gracefully shutting down
2022/08/04 16:51:34 [notice] 29#29: gracefully shutting down
2022/08/04 16:51:34 [notice] 25#25: exiting
2022/08/04 16:51:34 [notice] 30#30: gracefully shutting down
2022/08/04 16:51:34 [notice] 26#26: exiting
2022/08/04 16:51:34 [notice] 29#29: exiting
2022/08/04 16:51:34 [notice] 30#30: exiting
2022/08/04 16:51:34 [notice] 29#29: exit
2022/08/04 16:51:34 [notice] 30#30: exit
2022/08/04 16:51:34 [notice] 25#25: exit
2022/08/04 16:51:34 [notice] 26#26: exit
2022/08/04 16:51:34 [notice] 27#27: gracefully shutting down
2022/08/04 16:51:34 [notice] 27#27: exiting
2022/08/04 16:51:34 [notice] 27#27: exit
2022/08/04 16:51:34 [notice] 28#28: gracefully shutting down
2022/08/04 16:51:34 [notice] 28#28: exiting
2022/08/04 16:51:34 [notice] 28#28: exit
2022/08/04 16:51:34 [notice] 1#1: signal 17 (SIGCHLD) received from 26
2022/08/04 16:51:34 [notice] 1#1: worker process 26 exited with code 0
2022/08/04 16:51:34 [notice] 1#1: signal 29 (SIGIO) received
2022/08/04 16:51:34 [notice] 1#1: signal 17 (SIGCHLD) received from 24
2022/08/04 16:51:34 [notice] 1#1: worker process 23 exited with code 0
2022/08/04 16:51:34 [notice] 1#1: worker process 24 exited with code 0
2022/08/04 16:51:34 [notice] 1#1: worker process 25 exited with code 0
2022/08/04 16:51:34 [notice] 1#1: worker process 29 exited with code 0
2022/08/04 16:51:34 [notice] 1#1: worker process 30 exited with code 0
2022/08/04 16:51:34 [notice] 1#1: signal 29 (SIGIO) received
2022/08/04 16:51:34 [notice] 1#1: signal 17 (SIGCHLD) received from 28
2022/08/04 16:51:34 [notice] 1#1: worker process 28 exited with code 0
2022/08/04 16:51:34 [notice] 1#1: signal 29 (SIGIO) received
2022/08/04 16:51:34 [notice] 1#1: signal 17 (SIGCHLD) received from 27
2022/08/04 16:51:34 [notice] 1#1: worker process 27 exited with code 0
2022/08/04 16:51:34 [notice] 1#1: exit
2022/08/05 01:19:43 [notice] 1#1: using the "epoll" event method
2022/08/05 01:19:43 [notice] 1#1: nginx/1.23.1
2022/08/05 01:19:43 [notice] 1#1: built by gcc 10.2.1 20210110 (Debian 10.2.1-6) 
2022/08/05 01:19:43 [notice] 1#1: OS: Linux 5.15.0-43-generic
2022/08/05 01:19:43 [notice] 1#1: getrlimit(RLIMIT_NOFILE): 1048576:1048576
2022/08/05 01:19:43 [notice] 1#1: start worker processes
2022/08/05 01:19:43 [notice] 1#1: start worker process 22
2022/08/05 01:19:43 [notice] 1#1: start worker process 23
2022/08/05 01:19:43 [notice] 1#1: start worker process 24
2022/08/05 01:19:43 [notice] 1#1: start worker process 25
2022/08/05 01:19:43 [notice] 1#1: start worker process 26
2022/08/05 01:19:43 [notice] 1#1: start worker process 27
2022/08/05 01:19:43 [notice] 1#1: start worker process 28
2022/08/05 01:19:43 [notice] 1#1: start worker process 29
2022/08/05 01:23:32 [notice] 1#1: signal 3 (SIGQUIT) received, shutting down
2022/08/05 01:23:32 [notice] 24#24: gracefully shutting down
2022/08/05 01:23:32 [notice] 27#27: gracefully shutting down
2022/08/05 01:23:32 [notice] 24#24: exiting
2022/08/05 01:23:32 [notice] 23#23: gracefully shutting down
2022/08/05 01:23:32 [notice] 29#29: gracefully shutting down
2022/08/05 01:23:32 [notice] 27#27: exiting
2022/08/05 01:23:32 [notice] 23#23: exiting
2022/08/05 01:23:32 [notice] 29#29: exiting
2022/08/05 01:23:32 [notice] 24#24: exit
2022/08/05 01:23:32 [notice] 27#27: exit
2022/08/05 01:23:32 [notice] 23#23: exit
2022/08/05 01:23:32 [notice] 29#29: exit
2022/08/05 01:23:32 [notice] 26#26: gracefully shutting down
2022/08/05 01:23:32 [notice] 26#26: exiting
2022/08/05 01:23:32 [notice] 26#26: exit
2022/08/05 01:23:32 [notice] 22#22: gracefully shutting down
2022/08/05 01:23:32 [notice] 22#22: exiting
2022/08/05 01:23:32 [notice] 22#22: exit
2022/08/05 01:23:32 [notice] 25#25: gracefully shutting down
2022/08/05 01:23:32 [notice] 25#25: exiting
2022/08/05 01:23:32 [notice] 25#25: exit
2022/08/05 01:23:32 [notice] 28#28: gracefully shutting down
2022/08/05 01:23:32 [notice] 28#28: exiting
2022/08/05 01:23:32 [notice] 28#28: exit
2022/08/05 01:23:32 [notice] 1#1: signal 17 (SIGCHLD) received from 29
2022/08/05 01:23:32 [notice] 1#1: worker process 24 exited with code 0
2022/08/05 01:23:32 [notice] 1#1: worker process 27 exited with code 0
2022/08/05 01:23:32 [notice] 1#1: worker process 29 exited with code 0
2022/08/05 01:23:32 [notice] 1#1: signal 29 (SIGIO) received
2022/08/05 01:23:32 [notice] 1#1: signal 17 (SIGCHLD) received from 24
2022/08/05 01:23:32 [notice] 1#1: signal 17 (SIGCHLD) received from 25
2022/08/05 01:23:32 [notice] 1#1: worker process 22 exited with code 0
2022/08/05 01:23:32 [notice] 1#1: worker process 23 exited with code 0
2022/08/05 01:23:32 [notice] 1#1: worker process 25 exited with code 0
2022/08/05 01:23:32 [notice] 1#1: worker process 26 exited with code 0
2022/08/05 01:23:32 [notice] 1#1: worker process 28 exited with code 0
2022/08/05 01:23:32 [notice] 1#1: exit
2022/08/05 09:16:19 [notice] 1#1: using the "epoll" event method
2022/08/05 09:16:19 [notice] 1#1: nginx/1.23.1
2022/08/05 09:16:19 [notice] 1#1: built by gcc 10.2.1 20210110 (Debian 10.2.1-6) 
2022/08/05 09:16:19 [notice] 1#1: OS: Linux 5.15.0-43-generic
2022/08/05 09:16:19 [notice] 1#1: getrlimit(RLIMIT_NOFILE): 1048576:1048576
2022/08/05 09:16:19 [notice] 1#1: start worker processes
2022/08/05 09:16:19 [notice] 1#1: start worker process 24
2022/08/05 09:16:19 [notice] 1#1: start worker process 25
2022/08/05 09:16:19 [notice] 1#1: start worker process 26
2022/08/05 09:16:19 [notice] 1#1: start worker process 27
2022/08/05 09:16:19 [notice] 1#1: start worker process 28
2022/08/05 09:16:19 [notice] 1#1: start worker process 29
2022/08/05 09:16:19 [notice] 1#1: start worker process 30
2022/08/05 09:16:19 [notice] 1#1: start worker process 31
2022/08/05 05:48:57 [notice] 1#1: signal 3 (SIGQUIT) received, shutting down
2022/08/05 05:48:57 [notice] 25#25: gracefully shutting down
2022/08/05 05:48:57 [notice] 25#25: exiting
2022/08/05 05:48:57 [notice] 25#25: exit
2022/08/05 05:48:57 [notice] 27#27: gracefully shutting down
2022/08/05 05:48:57 [notice] 27#27: exiting
2022/08/05 05:48:57 [notice] 27#27: exit
2022/08/05 05:48:57 [notice] 26#26: gracefully shutting down
2022/08/05 05:48:57 [notice] 26#26: exiting
2022/08/05 05:48:57 [notice] 26#26: exit
2022/08/05 05:48:57 [notice] 24#24: gracefully shutting down
2022/08/05 05:48:57 [notice] 24#24: exiting
2022/08/05 05:48:57 [notice] 24#24: exit
2022/08/05 05:48:57 [notice] 28#28: gracefully shutting down
2022/08/05 05:48:57 [notice] 28#28: exiting
2022/08/05 05:48:57 [notice] 28#28: exit
2022/08/05 05:48:57 [notice] 29#29: gracefully shutting down
2022/08/05 05:48:57 [notice] 29#29: exiting
2022/08/05 05:48:57 [notice] 29#29: exit
2022/08/05 05:48:57 [notice] 30#30: gracefully shutting down
2022/08/05 05:48:57 [notice] 30#30: exiting
2022/08/05 05:48:57 [notice] 30#30: exit
2022/08/05 05:48:57 [notice] 31#31: gracefully shutting down
2022/08/05 05:48:57 [notice] 31#31: exiting
2022/08/05 05:48:57 [notice] 31#31: exit
2022/08/05 05:48:57 [notice] 1#1: signal 17 (SIGCHLD) received from 27
2022/08/05 05:48:57 [notice] 1#1: worker process 27 exited with code 0
2022/08/05 05:48:57 [notice] 1#1: signal 29 (SIGIO) received
2022/08/05 05:48:57 [notice] 1#1: signal 17 (SIGCHLD) received from 25
2022/08/05 05:48:57 [notice] 1#1: worker process 25 exited with code 0
2022/08/05 05:48:57 [notice] 1#1: signal 29 (SIGIO) received
2022/08/05 05:48:57 [notice] 1#1: signal 17 (SIGCHLD) received from 26
2022/08/05 05:48:57 [notice] 1#1: worker process 26 exited with code 0
2022/08/05 05:48:57 [notice] 1#1: signal 29 (SIGIO) received
2022/08/05 05:48:57 [notice] 1#1: signal 17 (SIGCHLD) received from 24
2022/08/05 05:48:57 [notice] 1#1: worker process 24 exited with code 0
2022/08/05 05:48:57 [notice] 1#1: signal 29 (SIGIO) received
2022/08/05 05:48:57 [notice] 1#1: signal 17 (SIGCHLD) received from 28
2022/08/05 05:48:57 [notice] 1#1: worker process 28 exited with code 0
2022/08/05 05:48:57 [notice] 1#1: signal 29 (SIGIO) received
2022/08/05 05:48:57 [notice] 1#1: signal 17 (SIGCHLD) received from 29
2022/08/05 05:48:57 [notice] 1#1: worker process 29 exited with code 0
2022/08/05 05:48:57 [notice] 1#1: signal 29 (SIGIO) received
2022/08/05 05:48:57 [notice] 1#1: signal 17 (SIGCHLD) received from 30
2022/08/05 05:48:57 [notice] 1#1: worker process 30 exited with code 0
2022/08/05 05:48:57 [notice] 1#1: signal 17 (SIGCHLD) received from 31
2022/08/05 05:48:57 [notice] 1#1: worker process 31 exited with code 0
2022/08/05 05:48:57 [notice] 1#1: exit
2022/08/06 06:16:18 [notice] 1#1: using the "epoll" event method
2022/08/06 06:16:18 [notice] 1#1: nginx/1.23.1
2022/08/06 06:16:18 [notice] 1#1: built by gcc 10.2.1 20210110 (Debian 10.2.1-6) 
2022/08/06 06:16:18 [notice] 1#1: OS: Linux 5.15.0-43-generic
2022/08/06 06:16:18 [notice] 1#1: getrlimit(RLIMIT_NOFILE): 1048576:1048576
2022/08/06 06:16:18 [notice] 1#1: start worker processes
2022/08/06 06:16:18 [notice] 1#1: start worker process 22
2022/08/06 06:16:18 [notice] 1#1: start worker process 23
2022/08/06 06:16:18 [notice] 1#1: start worker process 24
2022/08/06 06:16:18 [notice] 1#1: start worker process 25
2022/08/06 06:16:18 [notice] 1#1: start worker process 26
2022/08/06 06:16:18 [notice] 1#1: start worker process 27
2022/08/06 06:16:18 [notice] 1#1: start worker process 28
2022/08/06 06:16:18 [notice] 1#1: start worker process 29
2022/08/06 14:00:45 [notice] 1#1: signal 3 (SIGQUIT) received, shutting down
2022/08/06 14:00:45 [notice] 22#22: gracefully shutting down
2022/08/06 14:00:45 [notice] 22#22: exiting
2022/08/06 14:00:45 [notice] 27#27: gracefully shutting down
2022/08/06 14:00:45 [notice] 29#29: gracefully shutting down
2022/08/06 14:00:45 [notice] 27#27: exiting
2022/08/06 14:00:45 [notice] 29#29: exiting
2022/08/06 14:00:45 [notice] 22#22: exit
2022/08/06 14:00:45 [notice] 29#29: exit
2022/08/06 14:00:45 [notice] 27#27: exit
2022/08/06 14:00:45 [notice] 23#23: gracefully shutting down
2022/08/06 14:00:45 [notice] 23#23: exiting
2022/08/06 14:00:45 [notice] 23#23: exit
2022/08/06 14:00:45 [notice] 28#28: gracefully shutting down
2022/08/06 14:00:45 [notice] 28#28: exiting
2022/08/06 14:00:45 [notice] 28#28: exit
2022/08/06 14:00:45 [notice] 25#25: gracefully shutting down
2022/08/06 14:00:45 [notice] 25#25: exiting
2022/08/06 14:00:45 [notice] 25#25: exit
2022/08/06 14:00:45 [notice] 26#26: gracefully shutting down
2022/08/06 14:00:45 [notice] 26#26: exiting
2022/08/06 14:00:45 [notice] 26#26: exit
2022/08/06 14:00:45 [notice] 24#24: gracefully shutting down
2022/08/06 14:00:45 [notice] 24#24: exiting
2022/08/06 14:00:45 [notice] 24#24: exit
2022/08/06 14:00:45 [notice] 1#1: signal 17 (SIGCHLD) received from 23
2022/08/06 14:00:45 [notice] 1#1: worker process 23 exited with code 0
2022/08/06 14:00:45 [notice] 1#1: signal 29 (SIGIO) received
2022/08/06 14:00:45 [notice] 1#1: signal 17 (SIGCHLD) received from 25
2022/08/06 14:00:45 [notice] 1#1: worker process 25 exited with code 0
2022/08/06 14:00:45 [notice] 1#1: signal 29 (SIGIO) received
2022/08/06 14:00:45 [notice] 1#1: signal 17 (SIGCHLD) received from 28
2022/08/06 14:00:45 [notice] 1#1: worker process 28 exited with code 0
2022/08/06 14:00:45 [notice] 1#1: signal 29 (SIGIO) received
2022/08/06 14:00:45 [notice] 1#1: signal 17 (SIGCHLD) received from 26
2022/08/06 14:00:45 [notice] 1#1: worker process 24 exited with code 0
2022/08/06 14:00:45 [notice] 1#1: worker process 26 exited with code 0
2022/08/06 14:00:45 [notice] 1#1: worker process 29 exited with code 0
2022/08/06 14:00:45 [notice] 1#1: signal 29 (SIGIO) received
2022/08/06 14:00:45 [notice] 1#1: signal 17 (SIGCHLD) received from 24
2022/08/06 14:00:45 [notice] 1#1: signal 17 (SIGCHLD) received from 27
2022/08/06 14:00:45 [notice] 1#1: worker process 22 exited with code 0
2022/08/06 14:00:45 [notice] 1#1: worker process 27 exited with code 0
2022/08/06 14:00:45 [notice] 1#1: exit
2022/08/06 16:53:46 [notice] 1#1: using the "epoll" event method
2022/08/06 16:53:46 [notice] 1#1: nginx/1.23.1
2022/08/06 16:53:46 [notice] 1#1: built by gcc 10.2.1 20210110 (Debian 10.2.1-6) 
2022/08/06 16:53:46 [notice] 1#1: OS: Linux 5.15.0-43-generic
2022/08/06 16:53:46 [notice] 1#1: getrlimit(RLIMIT_NOFILE): 1048576:1048576
2022/08/06 16:53:46 [notice] 1#1: start worker processes
2022/08/06 16:53:46 [notice] 1#1: start worker process 22
2022/08/06 16:53:46 [notice] 1#1: start worker process 23
2022/08/06 16:53:46 [notice] 1#1: start worker process 24
2022/08/06 16:53:46 [notice] 1#1: start worker process 25
2022/08/06 16:53:46 [notice] 1#1: start worker process 26
2022/08/06 16:53:46 [notice] 1#1: start worker process 27
2022/08/06 16:53:46 [notice] 1#1: start worker process 28
2022/08/06 16:53:46 [notice] 1#1: start worker process 29
2022/08/06 17:57:01 [notice] 1#1: signal 3 (SIGQUIT) received, shutting down
2022/08/06 17:57:01 [notice] 22#22: gracefully shutting down
2022/08/06 17:57:01 [notice] 22#22: exiting
2022/08/06 17:57:01 [notice] 28#28: gracefully shutting down
2022/08/06 17:57:01 [notice] 22#22: exit
2022/08/06 17:57:01 [notice] 28#28: exiting
2022/08/06 17:57:01 [notice] 28#28: exit
2022/08/06 17:57:01 [notice] 23#23: gracefully shutting down
2022/08/06 17:57:01 [notice] 23#23: exiting
2022/08/06 17:57:01 [notice] 23#23: exit
2022/08/06 17:57:01 [notice] 26#26: gracefully shutting down
2022/08/06 17:57:01 [notice] 26#26: exiting
2022/08/06 17:57:01 [notice] 26#26: exit
2022/08/06 17:57:01 [notice] 24#24: gracefully shutting down
2022/08/06 17:57:01 [notice] 24#24: exiting
2022/08/06 17:57:01 [notice] 24#24: exit
2022/08/06 17:57:01 [notice] 25#25: gracefully shutting down
2022/08/06 17:57:01 [notice] 25#25: exiting
2022/08/06 17:57:01 [notice] 25#25: exit
2022/08/06 17:57:01 [notice] 27#27: gracefully shutting down
2022/08/06 17:57:01 [notice] 27#27: exiting
2022/08/06 17:57:01 [notice] 27#27: exit
2022/08/06 17:57:01 [notice] 29#29: gracefully shutting down
2022/08/06 17:57:01 [notice] 29#29: exiting
2022/08/06 17:57:01 [notice] 29#29: exit
2022/08/06 17:57:01 [notice] 1#1: signal 17 (SIGCHLD) received from 23
2022/08/06 17:57:01 [notice] 1#1: worker process 23 exited with code 0
2022/08/06 17:57:01 [notice] 1#1: worker process 28 exited with code 0
2022/08/06 17:57:01 [notice] 1#1: signal 29 (SIGIO) received
2022/08/06 17:57:01 [notice] 1#1: signal 17 (SIGCHLD) received from 22
2022/08/06 17:57:01 [notice] 1#1: worker process 22 exited with code 0
2022/08/06 17:57:01 [notice] 1#1: signal 29 (SIGIO) received
2022/08/06 17:57:01 [notice] 1#1: signal 17 (SIGCHLD) received from 25
2022/08/06 17:57:01 [notice] 1#1: worker process 25 exited with code 0
2022/08/06 17:57:01 [notice] 1#1: signal 29 (SIGIO) received
2022/08/06 17:57:01 [notice] 1#1: signal 17 (SIGCHLD) received from 24
2022/08/06 17:57:01 [notice] 1#1: worker process 24 exited with code 0
2022/08/06 17:57:01 [notice] 1#1: signal 29 (SIGIO) received
2022/08/06 17:57:01 [notice] 1#1: signal 17 (SIGCHLD) received from 29
2022/08/06 17:57:01 [notice] 1#1: worker process 29 exited with code 0
2022/08/06 17:57:01 [notice] 1#1: signal 29 (SIGIO) received
2022/08/06 17:57:01 [notice] 1#1: signal 17 (SIGCHLD) received from 27
2022/08/06 17:57:01 [notice] 1#1: worker process 27 exited with code 0
2022/08/06 17:57:01 [notice] 1#1: signal 29 (SIGIO) received
2022/08/06 17:57:01 [notice] 1#1: signal 17 (SIGCHLD) received from 26
2022/08/06 17:57:01 [notice] 1#1: worker process 26 exited with code 0
2022/08/06 17:57:01 [notice] 1#1: exit
2022/08/07 06:07:43 [notice] 1#1: using the "epoll" event method
2022/08/07 06:07:43 [notice] 1#1: nginx/1.23.1
2022/08/07 06:07:43 [notice] 1#1: built by gcc 10.2.1 20210110 (Debian 10.2.1-6) 
2022/08/07 06:07:43 [notice] 1#1: OS: Linux 5.15.0-43-generic
2022/08/07 06:07:43 [notice] 1#1: getrlimit(RLIMIT_NOFILE): 1048576:1048576
2022/08/07 06:07:43 [notice] 1#1: start worker processes
2022/08/07 06:07:43 [notice] 1#1: start worker process 22
2022/08/07 06:07:43 [notice] 1#1: start worker process 23
2022/08/07 06:07:43 [notice] 1#1: start worker process 24
2022/08/07 06:07:43 [notice] 1#1: start worker process 25
2022/08/07 06:07:43 [notice] 1#1: start worker process 26
2022/08/07 06:07:43 [notice] 1#1: start worker process 27
2022/08/07 06:07:43 [notice] 1#1: start worker process 28
2022/08/07 06:07:43 [notice] 1#1: start worker process 29
2022/08/07 08:15:43 [notice] 1#1: signal 3 (SIGQUIT) received, shutting down
2022/08/07 08:15:43 [notice] 22#22: gracefully shutting down
2022/08/07 08:15:43 [notice] 22#22: exiting
2022/08/07 08:15:43 [notice] 22#22: exit
2022/08/07 08:15:43 [notice] 25#25: gracefully shutting down
2022/08/07 08:15:43 [notice] 25#25: exiting
2022/08/07 08:15:43 [notice] 25#25: exit
2022/08/07 08:15:43 [notice] 23#23: gracefully shutting down
2022/08/07 08:15:43 [notice] 23#23: exiting
2022/08/07 08:15:43 [notice] 23#23: exit
2022/08/07 08:15:43 [notice] 24#24: gracefully shutting down
2022/08/07 08:15:43 [notice] 26#26: gracefully shutting down
2022/08/07 08:15:43 [notice] 24#24: exiting
2022/08/07 08:15:43 [notice] 28#28: gracefully shutting down
2022/08/07 08:15:43 [notice] 26#26: exiting
2022/08/07 08:15:43 [notice] 28#28: exiting
2022/08/07 08:15:43 [notice] 24#24: exit
2022/08/07 08:15:43 [notice] 26#26: exit
2022/08/07 08:15:43 [notice] 28#28: exit
2022/08/07 08:15:43 [notice] 27#27: gracefully shutting down
2022/08/07 08:15:43 [notice] 27#27: exiting
2022/08/07 08:15:43 [notice] 27#27: exit
2022/08/07 08:15:43 [notice] 29#29: gracefully shutting down
2022/08/07 08:15:43 [notice] 29#29: exiting
2022/08/07 08:15:43 [notice] 29#29: exit
2022/08/07 08:15:43 [notice] 1#1: signal 17 (SIGCHLD) received from 23
2022/08/07 08:15:43 [notice] 1#1: worker process 23 exited with code 0
2022/08/07 08:15:43 [notice] 1#1: worker process 25 exited with code 0
2022/08/07 08:15:43 [notice] 1#1: signal 29 (SIGIO) received
2022/08/07 08:15:43 [notice] 1#1: signal 17 (SIGCHLD) received from 22
2022/08/07 08:15:43 [notice] 1#1: worker process 22 exited with code 0
2022/08/07 08:15:43 [notice] 1#1: signal 29 (SIGIO) received
2022/08/07 08:15:43 [notice] 1#1: signal 17 (SIGCHLD) received from 26
2022/08/07 08:15:43 [notice] 1#1: worker process 26 exited with code 0
2022/08/07 08:15:43 [notice] 1#1: signal 29 (SIGIO) received
2022/08/07 08:15:43 [notice] 1#1: signal 17 (SIGCHLD) received from 24
2022/08/07 08:15:43 [notice] 1#1: worker process 24 exited with code 0
2022/08/07 08:15:43 [notice] 1#1: worker process 28 exited with code 0
2022/08/07 08:15:43 [notice] 1#1: worker process 29 exited with code 0
2022/08/07 08:15:43 [notice] 1#1: signal 29 (SIGIO) received
2022/08/07 08:15:43 [notice] 1#1: signal 17 (SIGCHLD) received from 27
2022/08/07 08:15:43 [notice] 1#1: worker process 27 exited with code 0
2022/08/07 08:15:43 [notice] 1#1: exit
2022/08/07 13:53:51 [notice] 1#1: using the "epoll" event method
2022/08/07 13:53:51 [notice] 1#1: nginx/1.23.1
2022/08/07 13:53:51 [notice] 1#1: built by gcc 10.2.1 20210110 (Debian 10.2.1-6) 
2022/08/07 13:53:51 [notice] 1#1: OS: Linux 5.15.0-43-generic
2022/08/07 13:53:51 [notice] 1#1: getrlimit(RLIMIT_NOFILE): 1048576:1048576
2022/08/07 13:53:51 [notice] 1#1: start worker processes
2022/08/07 13:53:51 [notice] 1#1: start worker process 22
2022/08/07 13:53:51 [notice] 1#1: start worker process 23
2022/08/07 13:53:51 [notice] 1#1: start worker process 24
2022/08/07 13:53:51 [notice] 1#1: start worker process 25
2022/08/07 13:53:51 [notice] 1#1: start worker process 26
2022/08/07 13:53:51 [notice] 1#1: start worker process 27
2022/08/07 13:53:51 [notice] 1#1: start worker process 28
2022/08/07 13:53:51 [notice] 1#1: start worker process 29
2022/08/08 02:50:30 [notice] 1#1: signal 3 (SIGQUIT) received, shutting down
2022/08/08 02:50:30 [notice] 22#22: gracefully shutting down
2022/08/08 02:50:30 [notice] 24#24: gracefully shutting down
2022/08/08 02:50:30 [notice] 26#26: gracefully shutting down
2022/08/08 02:50:30 [notice] 22#22: exiting
2022/08/08 02:50:30 [notice] 25#25: gracefully shutting down
2022/08/08 02:50:30 [notice] 24#24: exiting
2022/08/08 02:50:30 [notice] 26#26: exiting
2022/08/08 02:50:30 [notice] 25#25: exiting
2022/08/08 02:50:30 [notice] 22#22: exit
2022/08/08 02:50:30 [notice] 26#26: exit
2022/08/08 02:50:30 [notice] 25#25: exit
2022/08/08 02:50:30 [notice] 24#24: exit
2022/08/08 02:50:30 [notice] 23#23: gracefully shutting down
2022/08/08 02:50:30 [notice] 28#28: gracefully shutting down
2022/08/08 02:50:30 [notice] 23#23: exiting
2022/08/08 02:50:30 [notice] 28#28: exiting
2022/08/08 02:50:30 [notice] 23#23: exit
2022/08/08 02:50:30 [notice] 28#28: exit
2022/08/08 02:50:30 [notice] 27#27: gracefully shutting down
2022/08/08 02:50:30 [notice] 27#27: exiting
2022/08/08 02:50:30 [notice] 27#27: exit
2022/08/08 02:50:30 [notice] 29#29: gracefully shutting down
2022/08/08 02:50:30 [notice] 29#29: exiting
2022/08/08 02:50:30 [notice] 29#29: exit
2022/08/08 02:50:30 [notice] 1#1: signal 17 (SIGCHLD) received from 24
2022/08/08 02:50:30 [notice] 1#1: worker process 24 exited with code 0
2022/08/08 02:50:30 [notice] 1#1: worker process 25 exited with code 0
2022/08/08 02:50:30 [notice] 1#1: signal 29 (SIGIO) received
2022/08/08 02:50:30 [notice] 1#1: signal 17 (SIGCHLD) received from 25
2022/08/08 02:50:30 [notice] 1#1: signal 17 (SIGCHLD) received from 26
2022/08/08 02:50:30 [notice] 1#1: worker process 26 exited with code 0
2022/08/08 02:50:30 [notice] 1#1: signal 29 (SIGIO) received
2022/08/08 02:50:30 [notice] 1#1: signal 17 (SIGCHLD) received from 23
2022/08/08 02:50:30 [notice] 1#1: worker process 23 exited with code 0
2022/08/08 02:50:30 [notice] 1#1: signal 29 (SIGIO) received
2022/08/08 02:50:30 [notice] 1#1: signal 17 (SIGCHLD) received from 28
2022/08/08 02:50:30 [notice] 1#1: worker process 28 exited with code 0
2022/08/08 02:50:30 [notice] 1#1: signal 29 (SIGIO) received
2022/08/08 02:50:30 [notice] 1#1: signal 17 (SIGCHLD) received from 22
2022/08/08 02:50:30 [notice] 1#1: worker process 22 exited with code 0
2022/08/08 02:50:30 [notice] 1#1: signal 29 (SIGIO) received
2022/08/08 02:50:30 [notice] 1#1: signal 17 (SIGCHLD) received from 27
2022/08/08 02:50:30 [notice] 1#1: worker process 27 exited with code 0
2022/08/08 02:50:30 [notice] 1#1: signal 29 (SIGIO) received
2022/08/08 02:50:30 [notice] 1#1: signal 17 (SIGCHLD) received from 29
2022/08/08 02:50:30 [notice] 1#1: worker process 29 exited with code 0
2022/08/08 02:50:30 [notice] 1#1: exit
2022/08/09 06:11:39 [notice] 1#1: using the "epoll" event method
2022/08/09 06:11:39 [notice] 1#1: nginx/1.23.1
2022/08/09 06:11:39 [notice] 1#1: built by gcc 10.2.1 20210110 (Debian 10.2.1-6) 
2022/08/09 06:11:39 [notice] 1#1: OS: Linux 5.15.0-43-generic
2022/08/09 06:11:39 [notice] 1#1: getrlimit(RLIMIT_NOFILE): 1048576:1048576
2022/08/09 06:11:39 [notice] 1#1: start worker processes
2022/08/09 06:11:39 [notice] 1#1: start worker process 22
2022/08/09 06:11:39 [notice] 1#1: start worker process 23
2022/08/09 06:11:39 [notice] 1#1: start worker process 24
2022/08/09 06:11:39 [notice] 1#1: start worker process 25
2022/08/09 06:11:39 [notice] 1#1: start worker process 26
2022/08/09 06:11:39 [notice] 1#1: start worker process 27
2022/08/09 06:11:39 [notice] 1#1: start worker process 28
2022/08/09 06:11:39 [notice] 1#1: start worker process 29
2022/08/09 03:34:46 [notice] 1#1: signal 3 (SIGQUIT) received, shutting down
2022/08/09 03:34:46 [notice] 23#23: gracefully shutting down
2022/08/09 03:34:46 [notice] 23#23: exiting
2022/08/09 03:34:46 [notice] 24#24: gracefully shutting down
2022/08/09 03:34:46 [notice] 24#24: exiting
2022/08/09 03:34:46 [notice] 23#23: exit
2022/08/09 03:34:46 [notice] 24#24: exit
2022/08/09 03:34:46 [notice] 26#26: gracefully shutting down
2022/08/09 03:34:46 [notice] 26#26: exiting
2022/08/09 03:34:46 [notice] 22#22: gracefully shutting down
2022/08/09 03:34:46 [notice] 22#22: exiting
2022/08/09 03:34:46 [notice] 26#26: exit
2022/08/09 03:34:46 [notice] 22#22: exit
2022/08/09 03:34:46 [notice] 25#25: gracefully shutting down
2022/08/09 03:34:46 [notice] 25#25: exiting
2022/08/09 03:34:46 [notice] 25#25: exit
2022/08/09 03:34:46 [notice] 29#29: gracefully shutting down
2022/08/09 03:34:46 [notice] 29#29: exiting
2022/08/09 03:34:46 [notice] 29#29: exit
2022/08/09 03:34:46 [notice] 27#27: gracefully shutting down
2022/08/09 03:34:46 [notice] 27#27: exiting
2022/08/09 03:34:46 [notice] 27#27: exit
2022/08/09 03:34:46 [notice] 28#28: gracefully shutting down
2022/08/09 03:34:46 [notice] 28#28: exiting
2022/08/09 03:34:46 [notice] 28#28: exit
2022/08/09 03:34:46 [notice] 1#1: signal 17 (SIGCHLD) received from 27
2022/08/09 03:34:46 [notice] 1#1: worker process 27 exited with code 0
2022/08/09 03:34:46 [notice] 1#1: worker process 25 exited with code 0
2022/08/09 03:34:46 [notice] 1#1: signal 29 (SIGIO) received
2022/08/09 03:34:46 [notice] 1#1: signal 17 (SIGCHLD) received from 25
2022/08/09 03:34:46 [notice] 1#1: signal 17 (SIGCHLD) received from 28
2022/08/09 03:34:46 [notice] 1#1: worker process 28 exited with code 0
2022/08/09 03:34:46 [notice] 1#1: signal 29 (SIGIO) received
2022/08/09 03:34:46 [notice] 1#1: signal 17 (SIGCHLD) received from 24
2022/08/09 03:34:46 [notice] 1#1: worker process 24 exited with code 0
2022/08/09 03:34:46 [notice] 1#1: signal 29 (SIGIO) received
2022/08/09 03:34:46 [notice] 1#1: signal 17 (SIGCHLD) received from 23
2022/08/09 03:34:46 [notice] 1#1: worker process 22 exited with code 0
2022/08/09 03:34:46 [notice] 1#1: worker process 23 exited with code 0
2022/08/09 03:34:46 [notice] 1#1: worker process 26 exited with code 0
2022/08/09 03:34:46 [notice] 1#1: worker process 29 exited with code 0
2022/08/09 03:34:46 [notice] 1#1: exit
2022/08/09 04:37:17 [notice] 1#1: using the "epoll" event method
2022/08/09 04:37:17 [notice] 1#1: nginx/1.23.1
2022/08/09 04:37:17 [notice] 1#1: built by gcc 10.2.1 20210110 (Debian 10.2.1-6) 
2022/08/09 04:37:17 [notice] 1#1: OS: Linux 5.15.0-43-generic
2022/08/09 04:37:17 [notice] 1#1: getrlimit(RLIMIT_NOFILE): 1048576:1048576
2022/08/09 04:37:17 [notice] 1#1: start worker processes
2022/08/09 04:37:17 [notice] 1#1: start worker process 23
2022/08/09 04:37:17 [notice] 1#1: start worker process 24
2022/08/09 04:37:17 [notice] 1#1: start worker process 25
2022/08/09 04:37:17 [notice] 1#1: start worker process 26
2022/08/09 04:37:17 [notice] 1#1: start worker process 27
2022/08/09 04:37:17 [notice] 1#1: start worker process 28
2022/08/09 04:37:17 [notice] 1#1: start worker process 29
2022/08/09 04:37:17 [notice] 1#1: start worker process 30
2024/10/03 11:20:13 [notice] 1#1: using the "epoll" event method
2024/10/03 11:20:13 [notice] 1#1: nginx/1.27.2
2024/10/03 11:20:13 [notice] 1#1: built by gcc 12.2.0 (Debian 12.2.0-14) 
2024/10/03 11:20:13 [notice] 1#1: OS: Linux 6.6.32-linuxkit
2024/10/03 11:20:13 [notice] 1#1: getrlimit(RLIMIT_NOFILE): 1048576:1048576
2024/10/03 11:20:13 [notice] 1#1: start worker processes
2024/10/03 11:20:13 [notice] 1#1: start worker process 20
2024/10/03 11:20:13 [notice] 1#1: start worker process 21
2024/10/03 11:20:13 [notice] 1#1: start worker process 22
2024/10/03 11:20:13 [notice] 1#1: start worker process 23
2024/10/03 11:20:13 [notice] 1#1: start worker process 24
2024/10/03 11:20:13 [notice] 1#1: start worker process 25
2024/10/03 11:20:13 [notice] 1#1: start worker process 26
2024/10/03 11:20:13 [notice] 1#1: start worker process 27
2024/10/03 11:22:24 [notice] 1#1: signal 3 (SIGQUIT) received, shutting down
2024/10/03 11:22:24 [notice] 20#20: gracefully shutting down
2024/10/03 11:22:24 [notice] 21#21: gracefully shutting down
2024/10/03 11:22:24 [notice] 25#25: gracefully shutting down
2024/10/03 11:22:24 [notice] 25#25: exiting
2024/10/03 11:22:24 [notice] 27#27: gracefully shutting down
2024/10/03 11:22:24 [notice] 23#23: gracefully shutting down
2024/10/03 11:22:24 [notice] 26#26: gracefully shutting down
2024/10/03 11:22:24 [notice] 24#24: gracefully shutting down
2024/10/03 11:22:24 [notice] 24#24: exiting
2024/10/03 11:22:24 [notice] 22#22: gracefully shutting down
2024/10/03 11:22:24 [notice] 20#20: exiting
2024/10/03 11:22:24 [notice] 21#21: exiting
2024/10/03 11:22:24 [notice] 25#25: exit
2024/10/03 11:22:24 [notice] 27#27: exiting
2024/10/03 11:22:24 [notice] 23#23: exiting
2024/10/03 11:22:24 [notice] 26#26: exiting
2024/10/03 11:22:24 [notice] 24#24: exit
2024/10/03 11:22:24 [notice] 22#22: exiting
2024/10/03 11:22:24 [notice] 20#20: exit
2024/10/03 11:22:24 [notice] 21#21: exit
2024/10/03 11:22:24 [notice] 27#27: exit
2024/10/03 11:22:24 [notice] 23#23: exit
2024/10/03 11:22:24 [notice] 26#26: exit
2024/10/03 11:22:24 [notice] 22#22: exit
2024/10/03 11:22:24 [notice] 1#1: signal 17 (SIGCHLD) received from 24
2024/10/03 11:22:24 [notice] 1#1: worker process 21 exited with code 0
2024/10/03 11:22:24 [notice] 1#1: worker process 24 exited with code 0
2024/10/03 11:22:24 [notice] 1#1: worker process 25 exited with code 0
2024/10/03 11:22:24 [notice] 1#1: signal 29 (SIGIO) received
2024/10/03 11:22:24 [notice] 1#1: signal 17 (SIGCHLD) received from 21
2024/10/03 11:22:24 [notice] 1#1: signal 17 (SIGCHLD) received from 27
2024/10/03 11:22:24 [notice] 1#1: worker process 20 exited with code 0
2024/10/03 11:22:24 [notice] 1#1: worker process 22 exited with code 0
2024/10/03 11:22:24 [notice] 1#1: worker process 23 exited with code 0
2024/10/03 11:22:24 [notice] 1#1: worker process 26 exited with code 0
2024/10/03 11:22:24 [notice] 1#1: worker process 27 exited with code 0
2024/10/03 11:22:24 [notice] 1#1: exit
2024/10/03 11:22:55 [notice] 1#1: using the "epoll" event method
2024/10/03 11:22:55 [notice] 1#1: nginx/1.27.2
2024/10/03 11:22:55 [notice] 1#1: built by gcc 12.2.0 (Debian 12.2.0-14) 
2024/10/03 11:22:55 [notice] 1#1: OS: Linux 6.6.32-linuxkit
2024/10/03 11:22:55 [notice] 1#1: getrlimit(RLIMIT_NOFILE): 1048576:1048576
2024/10/03 11:22:55 [notice] 1#1: start worker processes
2024/10/03 11:22:55 [notice] 1#1: start worker process 20
2024/10/03 11:22:55 [notice] 1#1: start worker process 21
2024/10/03 11:22:55 [notice] 1#1: start worker process 22
2024/10/03 11:22:55 [notice] 1#1: start worker process 23
2024/10/03 11:22:55 [notice] 1#1: start worker process 24
2024/10/03 11:22:55 [notice] 1#1: start worker process 25
2024/10/03 11:22:55 [notice] 1#1: start worker process 26
2024/10/03 11:22:55 [notice] 1#1: start worker process 27
2024/10/03 11:23:25 [notice] 1#1: signal 3 (SIGQUIT) received, shutting down
2024/10/03 11:23:25 [notice] 20#20: gracefully shutting down
2024/10/03 11:23:25 [notice] 22#22: gracefully shutting down
2024/10/03 11:23:25 [notice] 22#22: exiting
2024/10/03 11:23:25 [notice] 24#24: gracefully shutting down
2024/10/03 11:23:25 [notice] 24#24: exiting
2024/10/03 11:23:25 [notice] 21#21: gracefully shutting down
2024/10/03 11:23:25 [notice] 24#24: exit
2024/10/03 11:23:25 [notice] 23#23: gracefully shutting down
2024/10/03 11:23:25 [notice] 25#25: gracefully shutting down
2024/10/03 11:23:25 [notice] 25#25: exiting
2024/10/03 11:23:25 [notice] 27#27: gracefully shutting down
2024/10/03 11:23:25 [notice] 27#27: exiting
2024/10/03 11:23:25 [notice] 26#26: gracefully shutting down
2024/10/03 11:23:25 [notice] 26#26: exiting
2024/10/03 11:23:25 [notice] 20#20: exiting
2024/10/03 11:23:25 [notice] 22#22: exit
2024/10/03 11:23:25 [notice] 20#20: exit
2024/10/03 11:23:25 [notice] 21#21: exiting
2024/10/03 11:23:25 [notice] 21#21: exit
2024/10/03 11:23:25 [notice] 23#23: exiting
2024/10/03 11:23:25 [notice] 25#25: exit
2024/10/03 11:23:25 [notice] 27#27: exit
2024/10/03 11:23:25 [notice] 26#26: exit
2024/10/03 11:23:25 [notice] 23#23: exit
2024/10/03 11:23:25 [notice] 1#1: signal 17 (SIGCHLD) received from 20
2024/10/03 11:23:25 [notice] 1#1: worker process 20 exited with code 0
2024/10/03 11:23:25 [notice] 1#1: worker process 24 exited with code 0
2024/10/03 11:23:25 [notice] 1#1: worker process 25 exited with code 0
2024/10/03 11:23:25 [notice] 1#1: signal 29 (SIGIO) received
2024/10/03 11:23:25 [notice] 1#1: signal 17 (SIGCHLD) received from 25
2024/10/03 11:23:25 [notice] 1#1: signal 17 (SIGCHLD) received from 22
2024/10/03 11:23:25 [notice] 1#1: worker process 21 exited with code 0
2024/10/03 11:23:25 [notice] 1#1: worker process 22 exited with code 0
2024/10/03 11:23:25 [notice] 1#1: worker process 23 exited with code 0
2024/10/03 11:23:25 [notice] 1#1: worker process 26 exited with code 0
2024/10/03 11:23:25 [notice] 1#1: worker process 27 exited with code 0
2024/10/03 11:23:25 [notice] 1#1: exit
2024/10/03 11:30:32 [notice] 1#1: using the "epoll" event method
2024/10/03 11:30:32 [notice] 1#1: nginx/1.27.2
2024/10/03 11:30:32 [notice] 1#1: built by gcc 12.2.0 (Debian 12.2.0-14) 
2024/10/03 11:30:32 [notice] 1#1: OS: Linux 6.6.32-linuxkit
2024/10/03 11:30:32 [notice] 1#1: getrlimit(RLIMIT_NOFILE): 1048576:1048576
2024/10/03 11:30:32 [notice] 1#1: start worker processes
2024/10/03 11:30:32 [notice] 1#1: start worker process 20
2024/10/03 11:30:32 [notice] 1#1: start worker process 21
2024/10/03 11:30:32 [notice] 1#1: start worker process 22
2024/10/03 11:30:32 [notice] 1#1: start worker process 23
2024/10/03 11:30:32 [notice] 1#1: start worker process 24
2024/10/03 11:30:32 [notice] 1#1: start worker process 25
2024/10/03 11:30:32 [notice] 1#1: start worker process 26
2024/10/03 11:30:32 [notice] 1#1: start worker process 27
2024/10/03 11:31:35 [notice] 1#1: signal 3 (SIGQUIT) received, shutting down
2024/10/03 11:31:35 [notice] 21#21: gracefully shutting down
2024/10/03 11:31:35 [notice] 24#24: gracefully shutting down
2024/10/03 11:31:35 [notice] 24#24: exiting
2024/10/03 11:31:35 [notice] 25#25: gracefully shutting down
2024/10/03 11:31:35 [notice] 22#22: gracefully shutting down
2024/10/03 11:31:35 [notice] 27#27: gracefully shutting down
2024/10/03 11:31:35 [notice] 27#27: exiting
2024/10/03 11:31:35 [notice] 23#23: gracefully shutting down
2024/10/03 11:31:35 [notice] 20#20: gracefully shutting down
2024/10/03 11:31:35 [notice] 26#26: gracefully shutting down
2024/10/03 11:31:35 [notice] 26#26: exiting
2024/10/03 11:31:35 [notice] 21#21: exiting
2024/10/03 11:31:35 [notice] 26#26: exit
2024/10/03 11:31:35 [notice] 25#25: exiting
2024/10/03 11:31:35 [notice] 25#25: exit
2024/10/03 11:31:35 [notice] 24#24: exit
2024/10/03 11:31:35 [notice] 22#22: exiting
2024/10/03 11:31:35 [notice] 27#27: exit
2024/10/03 11:31:35 [notice] 23#23: exiting
2024/10/03 11:31:35 [notice] 20#20: exiting
2024/10/03 11:31:35 [notice] 23#23: exit
2024/10/03 11:31:35 [notice] 21#21: exit
2024/10/03 11:31:35 [notice] 22#22: exit
2024/10/03 11:31:35 [notice] 20#20: exit
2024/10/03 11:31:35 [notice] 1#1: signal 17 (SIGCHLD) received from 27
2024/10/03 11:31:35 [notice] 1#1: worker process 21 exited with code 0
2024/10/03 11:31:35 [notice] 1#1: worker process 25 exited with code 0
2024/10/03 11:31:35 [notice] 1#1: worker process 27 exited with code 0
2024/10/03 11:31:35 [notice] 1#1: signal 29 (SIGIO) received
2024/10/03 11:31:35 [notice] 1#1: signal 17 (SIGCHLD) received from 22
2024/10/03 11:31:35 [notice] 1#1: worker process 22 exited with code 0
2024/10/03 11:31:35 [notice] 1#1: signal 29 (SIGIO) received
2024/10/03 11:31:35 [notice] 1#1: signal 17 (SIGCHLD) received from 23
2024/10/03 11:31:35 [notice] 1#1: worker process 23 exited with code 0
2024/10/03 11:31:35 [notice] 1#1: worker process 24 exited with code 0
2024/10/03 11:31:35 [notice] 1#1: worker process 26 exited with code 0
2024/10/03 11:31:35 [notice] 1#1: signal 29 (SIGIO) received
2024/10/03 11:31:35 [notice] 1#1: signal 17 (SIGCHLD) received from 26
2024/10/03 11:31:35 [notice] 1#1: signal 17 (SIGCHLD) received from 20
2024/10/03 11:31:35 [notice] 1#1: worker process 20 exited with code 0
2024/10/03 11:31:35 [notice] 1#1: exit
2024/10/03 11:31:41 [notice] 1#1: using the "epoll" event method
2024/10/03 11:31:41 [notice] 1#1: nginx/1.27.2
2024/10/03 11:31:41 [notice] 1#1: built by gcc 12.2.0 (Debian 12.2.0-14) 
2024/10/03 11:31:41 [notice] 1#1: OS: Linux 6.6.32-linuxkit
2024/10/03 11:31:41 [notice] 1#1: getrlimit(RLIMIT_NOFILE): 1048576:1048576
2024/10/03 11:31:41 [notice] 1#1: start worker processes
2024/10/03 11:31:41 [notice] 1#1: start worker process 20
2024/10/03 11:31:41 [notice] 1#1: start worker process 21
2024/10/03 11:31:41 [notice] 1#1: start worker process 22
2024/10/03 11:31:41 [notice] 1#1: start worker process 23
2024/10/03 11:31:41 [notice] 1#1: start worker process 24
2024/10/03 11:31:41 [notice] 1#1: start worker process 25
2024/10/03 11:31:41 [notice] 1#1: start worker process 26
2024/10/03 11:31:41 [notice] 1#1: start worker process 27
2024/10/03 12:32:43 [notice] 1#1: signal 3 (SIGQUIT) received, shutting down
2024/10/03 12:32:43 [notice] 20#20: gracefully shutting down
2024/10/03 12:32:43 [notice] 23#23: gracefully shutting down
2024/10/03 12:32:43 [notice] 24#24: gracefully shutting down
2024/10/03 12:32:43 [notice] 23#23: exiting
2024/10/03 12:32:43 [notice] 25#25: gracefully shutting down
2024/10/03 12:32:43 [notice] 26#26: gracefully shutting down
2024/10/03 12:32:43 [notice] 27#27: gracefully shutting down
2024/10/03 12:32:43 [notice] 21#21: gracefully shutting down
2024/10/03 12:32:43 [notice] 27#27: exiting
2024/10/03 12:32:43 [notice] 22#22: gracefully shutting down
2024/10/03 12:32:43 [notice] 20#20: exiting
2024/10/03 12:32:43 [notice] 24#24: exiting
2024/10/03 12:32:43 [notice] 25#25: exiting
2024/10/03 12:32:43 [notice] 26#26: exiting
2024/10/03 12:32:43 [notice] 23#23: exit
2024/10/03 12:32:43 [notice] 21#21: exiting
2024/10/03 12:32:43 [notice] 22#22: exiting
2024/10/03 12:32:43 [notice] 20#20: exit
2024/10/03 12:32:43 [notice] 22#22: exit
2024/10/03 12:32:43 [notice] 24#24: exit
2024/10/03 12:32:43 [notice] 27#27: exit
2024/10/03 12:32:43 [notice] 25#25: exit
2024/10/03 12:32:43 [notice] 26#26: exit
2024/10/03 12:32:43 [notice] 21#21: exit
2024/10/03 12:32:44 [notice] 1#1: signal 17 (SIGCHLD) received from 26
2024/10/03 12:32:44 [notice] 1#1: worker process 22 exited with code 0
2024/10/03 12:32:44 [notice] 1#1: worker process 23 exited with code 0
2024/10/03 12:32:44 [notice] 1#1: worker process 24 exited with code 0
2024/10/03 12:32:44 [notice] 1#1: worker process 26 exited with code 0
2024/10/03 12:32:44 [notice] 1#1: worker process 27 exited with code 0
2024/10/03 12:32:44 [notice] 1#1: signal 29 (SIGIO) received
2024/10/03 12:32:44 [notice] 1#1: signal 17 (SIGCHLD) received from 25
2024/10/03 12:32:44 [notice] 1#1: worker process 20 exited with code 0
2024/10/03 12:32:44 [notice] 1#1: worker process 25 exited with code 0
2024/10/03 12:32:44 [notice] 1#1: signal 17 (SIGCHLD) received from 20
2024/10/03 12:32:44 [notice] 1#1: worker process 21 exited with code 0
2024/10/03 12:32:44 [notice] 1#1: exit
2024/10/03 12:32:44 [notice] 1#1: using the "epoll" event method
2024/10/03 12:32:44 [notice] 1#1: nginx/1.27.2
2024/10/03 12:32:44 [notice] 1#1: built by gcc 12.2.0 (Debian 12.2.0-14) 
2024/10/03 12:32:44 [notice] 1#1: OS: Linux 6.6.32-linuxkit
2024/10/03 12:32:44 [notice] 1#1: getrlimit(RLIMIT_NOFILE): 1048576:1048576
2024/10/03 12:32:44 [notice] 1#1: start worker processes
2024/10/03 12:32:44 [notice] 1#1: start worker process 20
2024/10/03 12:32:44 [notice] 1#1: start worker process 21
2024/10/03 12:32:44 [notice] 1#1: start worker process 22
2024/10/03 12:32:44 [notice] 1#1: start worker process 23
2024/10/03 12:32:44 [notice] 1#1: start worker process 24
2024/10/03 12:32:44 [notice] 1#1: start worker process 25
2024/10/03 12:32:44 [notice] 1#1: start worker process 26
2024/10/03 12:32:44 [notice] 1#1: start worker process 27
2024/10/03 12:40:17 [notice] 1#1: signal 3 (SIGQUIT) received, shutting down
2024/10/03 12:40:17 [notice] 20#20: gracefully shutting down
2024/10/03 12:40:17 [notice] 20#20: exiting
2024/10/03 12:40:17 [notice] 22#22: gracefully shutting down
2024/10/03 12:40:17 [notice] 22#22: exiting
2024/10/03 12:40:17 [notice] 23#23: gracefully shutting down
2024/10/03 12:40:17 [notice] 23#23: exiting
2024/10/03 12:40:17 [notice] 24#24: gracefully shutting down
2024/10/03 12:40:17 [notice] 24#24: exiting
2024/10/03 12:40:17 [notice] 26#26: gracefully shutting down
2024/10/03 12:40:17 [notice] 27#27: gracefully shutting down
2024/10/03 12:40:17 [notice] 21#21: gracefully shutting down
2024/10/03 12:40:17 [notice] 25#25: gracefully shutting down
2024/10/03 12:40:17 [notice] 25#25: exiting
2024/10/03 12:40:17 [notice] 25#25: exit
2024/10/03 12:40:17 [notice] 20#20: exit
2024/10/03 12:40:17 [notice] 22#22: exit
2024/10/03 12:40:17 [notice] 23#23: exit
2024/10/03 12:40:17 [notice] 24#24: exit
2024/10/03 12:40:17 [notice] 26#26: exiting
2024/10/03 12:40:17 [notice] 27#27: exiting
2024/10/03 12:40:17 [notice] 21#21: exiting
2024/10/03 12:40:17 [notice] 26#26: exit
2024/10/03 12:40:17 [notice] 27#27: exit
2024/10/03 12:40:17 [notice] 21#21: exit
2024/10/03 12:40:17 [notice] 1#1: signal 17 (SIGCHLD) received from 22
2024/10/03 12:40:17 [notice] 1#1: worker process 20 exited with code 0
2024/10/03 12:40:17 [notice] 1#1: worker process 22 exited with code 0
2024/10/03 12:40:17 [notice] 1#1: signal 29 (SIGIO) received
2024/10/03 12:40:17 [notice] 1#1: signal 17 (SIGCHLD) received from 20
2024/10/03 12:40:17 [notice] 1#1: signal 17 (SIGCHLD) received from 24
2024/10/03 12:40:17 [notice] 1#1: worker process 24 exited with code 0
2024/10/03 12:40:17 [notice] 1#1: worker process 25 exited with code 0
2024/10/03 12:40:17 [notice] 1#1: signal 29 (SIGIO) received
2024/10/03 12:40:17 [notice] 1#1: signal 17 (SIGCHLD) received from 23
2024/10/03 12:40:17 [notice] 1#1: worker process 23 exited with code 0
2024/10/03 12:40:17 [notice] 1#1: worker process 27 exited with code 0
2024/10/03 12:40:17 [notice] 1#1: signal 29 (SIGIO) received
2024/10/03 12:40:17 [notice] 1#1: signal 17 (SIGCHLD) received from 26
2024/10/03 12:40:17 [notice] 1#1: worker process 26 exited with code 0
2024/10/03 12:40:17 [notice] 1#1: worker process 21 exited with code 0
2024/10/03 12:40:17 [notice] 1#1: exit
2024/10/04 04:25:54 [notice] 1#1: using the "epoll" event method
2024/10/04 04:25:54 [notice] 1#1: nginx/1.27.0
2024/10/04 04:25:54 [notice] 1#1: built by gcc 12.2.0 (Debian 12.2.0-14) 
2024/10/04 04:25:54 [notice] 1#1: OS: Linux 6.8.0-45-generic
2024/10/04 04:25:54 [notice] 1#1: getrlimit(RLIMIT_NOFILE): 1024:524288
2024/10/04 04:25:54 [notice] 1#1: start worker processes
2024/10/04 04:25:54 [notice] 1#1: start worker process 20
2024/10/04 04:25:54 [notice] 1#1: start worker process 21
2024/10/04 04:25:54 [notice] 1#1: start worker process 22
2024/10/04 04:25:54 [notice] 1#1: start worker process 23
2024/10/04 04:25:54 [notice] 1#1: start worker process 24
2024/10/04 04:25:54 [notice] 1#1: start worker process 25
2024/10/04 04:25:54 [notice] 1#1: start worker process 26
2024/10/04 04:25:54 [notice] 1#1: start worker process 27
2024/10/04 05:24:23 [notice] 22#22: signal 15 (SIGTERM) received, exiting
2024/10/04 05:24:23 [notice] 21#21: signal 15 (SIGTERM) received, exiting
2024/10/04 05:24:23 [notice] 20#20: signal 15 (SIGTERM) received, exiting
2024/10/04 05:24:23 [notice] 26#26: signal 15 (SIGTERM) received, exiting
2024/10/04 05:24:23 [notice] 24#24: signal 15 (SIGTERM) received, exiting
2024/10/04 05:24:23 [notice] 25#25: signal 15 (SIGTERM) received, exiting
2024/10/04 05:24:23 [notice] 27#27: signal 15 (SIGTERM) received, exiting
2024/10/04 05:24:23 [notice] 23#23: signal 15 (SIGTERM) received, exiting
2024/10/04 05:24:23 [notice] 1#1: signal 17 (SIGCHLD) received from 20
2024/10/04 05:24:23 [notice] 1#1: signal 17 (SIGCHLD) received from 21
2024/10/04 05:24:23 [notice] 1#1: signal 15 (SIGTERM) received, exiting
2024/10/04 05:24:23 [notice] 25#25: exiting
2024/10/04 05:24:23 [notice] 20#20: exiting
2024/10/04 05:24:23 [notice] 27#27: exiting
2024/10/04 05:24:23 [notice] 21#21: exiting
2024/10/04 05:24:23 [notice] 22#22: exiting
2024/10/04 05:24:23 [notice] 26#26: exiting
2024/10/04 05:24:23 [notice] 24#24: exiting
2024/10/04 05:24:23 [notice] 23#23: exiting
2024/10/04 05:24:23 [notice] 27#27: exit
2024/10/04 05:24:23 [notice] 25#25: exit
2024/10/04 05:24:23 [notice] 21#21: exit
2024/10/04 05:24:23 [notice] 24#24: exit
2024/10/04 05:24:23 [notice] 20#20: exit
2024/10/04 05:24:23 [notice] 26#26: exit
2024/10/04 05:24:23 [notice] 23#23: exit
2024/10/04 05:24:23 [notice] 22#22: exit
2024/10/04 05:24:23 [notice] 1#1: signal 17 (SIGCHLD) received from 23
2024/10/04 05:24:23 [notice] 1#1: worker process 23 exited with code 0
2024/10/04 05:24:23 [notice] 1#1: signal 29 (SIGIO) received
2024/10/04 05:24:23 [notice] 1#1: signal 17 (SIGCHLD) received from 25
2024/10/04 05:24:23 [notice] 1#1: worker process 22 exited with code 0
2024/10/04 05:24:23 [notice] 1#1: worker process 25 exited with code 0
2024/10/04 05:24:23 [notice] 1#1: signal 29 (SIGIO) received
2024/10/04 05:24:23 [notice] 1#1: signal 17 (SIGCHLD) received from 21
2024/10/04 05:24:23 [notice] 1#1: worker process 21 exited with code 0
2024/10/04 05:24:23 [notice] 1#1: signal 29 (SIGIO) received
2024/10/04 05:24:23 [notice] 1#1: signal 17 (SIGCHLD) received from 20
2024/10/04 05:24:23 [notice] 1#1: worker process 20 exited with code 0
2024/10/04 05:24:23 [notice] 1#1: signal 29 (SIGIO) received
2024/10/04 05:24:23 [notice] 1#1: signal 17 (SIGCHLD) received from 26
2024/10/04 05:24:23 [notice] 1#1: worker process 26 exited with code 0
2024/10/04 05:24:23 [notice] 1#1: signal 29 (SIGIO) received
2024/10/04 05:24:23 [notice] 1#1: signal 17 (SIGCHLD) received from 27
2024/10/04 05:24:23 [notice] 1#1: worker process 27 exited with code 0
2024/10/04 05:24:23 [notice] 1#1: signal 29 (SIGIO) received
2024/10/04 05:24:23 [notice] 1#1: signal 17 (SIGCHLD) received from 24
2024/10/04 05:24:23 [notice] 1#1: worker process 24 exited with code 0
2024/10/04 05:24:23 [notice] 1#1: exit
2024/10/04 09:17:22 [notice] 1#1: using the "epoll" event method
2024/10/04 09:17:22 [notice] 1#1: nginx/1.27.2
2024/10/04 09:17:22 [notice] 1#1: built by gcc 12.2.0 (Debian 12.2.0-14) 
2024/10/04 09:17:22 [notice] 1#1: OS: Linux 6.6.32-linuxkit
2024/10/04 09:17:22 [notice] 1#1: getrlimit(RLIMIT_NOFILE): 1048576:1048576
2024/10/04 09:17:22 [notice] 1#1: start worker processes
2024/10/04 09:17:22 [notice] 1#1: start worker process 20
2024/10/04 09:17:22 [notice] 1#1: start worker process 21
2024/10/04 09:17:22 [notice] 1#1: start worker process 22
2024/10/04 09:17:22 [notice] 1#1: start worker process 23
2024/10/04 09:17:22 [notice] 1#1: start worker process 24
2024/10/04 09:17:22 [notice] 1#1: start worker process 25
2024/10/04 09:17:22 [notice] 1#1: start worker process 26
2024/10/04 09:17:22 [notice] 1#1: start worker process 27
2024/10/04 12:49:29 [notice] 1#1: signal 3 (SIGQUIT) received, shutting down
2024/10/04 12:49:29 [notice] 20#20: gracefully shutting down
2024/10/04 12:49:29 [notice] 24#24: gracefully shutting down
2024/10/04 12:49:29 [notice] 25#25: gracefully shutting down
2024/10/04 12:49:29 [notice] 27#27: gracefully shutting down
2024/10/04 12:49:29 [notice] 22#22: gracefully shutting down
2024/10/04 12:49:29 [notice] 21#21: gracefully shutting down
2024/10/04 12:49:29 [notice] 26#26: gracefully shutting down
2024/10/04 12:49:29 [notice] 23#23: gracefully shutting down
2024/10/04 12:49:29 [notice] 20#20: exiting
2024/10/04 12:49:29 [notice] 22#22: exiting
2024/10/04 12:49:29 [notice] 25#25: exiting
2024/10/04 12:49:29 [notice] 23#23: exiting
2024/10/04 12:49:29 [notice] 24#24: exiting
2024/10/04 12:49:29 [notice] 27#27: exiting
2024/10/04 12:49:29 [notice] 21#21: exiting
2024/10/04 12:49:29 [notice] 26#26: exiting
2024/10/04 12:49:29 [notice] 24#24: exit
2024/10/04 12:49:29 [notice] 27#27: exit
2024/10/04 12:49:29 [notice] 25#25: exit
2024/10/04 12:49:29 [notice] 22#22: exit
2024/10/04 12:49:29 [notice] 20#20: exit
2024/10/04 12:49:29 [notice] 26#26: exit
2024/10/04 12:49:29 [notice] 21#21: exit
2024/10/04 12:49:29 [notice] 23#23: exit
2024/10/04 12:49:29 [notice] 1#1: signal 17 (SIGCHLD) received from 20
2024/10/04 12:49:29 [notice] 1#1: worker process 20 exited with code 0
2024/10/04 12:49:29 [notice] 1#1: worker process 22 exited with code 0
2024/10/04 12:49:29 [notice] 1#1: worker process 23 exited with code 0
2024/10/04 12:49:29 [notice] 1#1: worker process 24 exited with code 0
2024/10/04 12:49:29 [notice] 1#1: worker process 25 exited with code 0
2024/10/04 12:49:29 [notice] 1#1: worker process 26 exited with code 0
2024/10/04 12:49:29 [notice] 1#1: worker process 27 exited with code 0
2024/10/04 12:49:29 [notice] 1#1: signal 29 (SIGIO) received
2024/10/04 12:49:29 [notice] 1#1: signal 17 (SIGCHLD) received from 25
2024/10/04 12:49:29 [notice] 1#1: signal 17 (SIGCHLD) received from 21
2024/10/04 12:49:29 [notice] 1#1: worker process 21 exited with code 0
2024/10/04 12:49:29 [notice] 1#1: exit
2024/10/04 16:53:17 [notice] 1#1: using the "epoll" event method
2024/10/04 16:53:17 [notice] 1#1: nginx/1.27.2
2024/10/04 16:53:17 [notice] 1#1: built by gcc 12.2.0 (Debian 12.2.0-14) 
2024/10/04 16:53:17 [notice] 1#1: OS: Linux 6.6.32-linuxkit
2024/10/04 16:53:17 [notice] 1#1: getrlimit(RLIMIT_NOFILE): 1048576:1048576
2024/10/04 16:53:17 [notice] 1#1: start worker processes
2024/10/04 16:53:17 [notice] 1#1: start worker process 20
2024/10/04 16:53:17 [notice] 1#1: start worker process 21
2024/10/04 16:53:17 [notice] 1#1: start worker process 22
2024/10/04 16:53:17 [notice] 1#1: start worker process 23
2024/10/04 16:53:17 [notice] 1#1: start worker process 24
2024/10/04 16:53:17 [notice] 1#1: start worker process 25
2024/10/04 16:53:17 [notice] 1#1: start worker process 26
2024/10/04 16:53:17 [notice] 1#1: start worker process 27
2024/10/04 16:54:33 [notice] 1#1: signal 3 (SIGQUIT) received, shutting down
2024/10/04 16:54:33 [notice] 24#24: gracefully shutting down
2024/10/04 16:54:33 [notice] 25#25: gracefully shutting down
2024/10/04 16:54:33 [notice] 20#20: gracefully shutting down
2024/10/04 16:54:33 [notice] 23#23: gracefully shutting down
2024/10/04 16:54:33 [notice] 26#26: gracefully shutting down
2024/10/04 16:54:33 [notice] 26#26: exiting
2024/10/04 16:54:33 [notice] 21#21: gracefully shutting down
2024/10/04 16:54:33 [notice] 21#21: exiting
2024/10/04 16:54:33 [notice] 21#21: exit
2024/10/04 16:54:33 [notice] 22#22: gracefully shutting down
2024/10/04 16:54:33 [notice] 22#22: exiting
2024/10/04 16:54:33 [notice] 27#27: gracefully shutting down
2024/10/04 16:54:33 [notice] 22#22: exit
2024/10/04 16:54:33 [notice] 24#24: exiting
2024/10/04 16:54:33 [notice] 24#24: exit
2024/10/04 16:54:33 [notice] 25#25: exiting
2024/10/04 16:54:33 [notice] 25#25: exit
2024/10/04 16:54:33 [notice] 20#20: exiting
2024/10/04 16:54:33 [notice] 23#23: exiting
2024/10/04 16:54:33 [notice] 20#20: exit
2024/10/04 16:54:33 [notice] 26#26: exit
2024/10/04 16:54:33 [notice] 27#27: exiting
2024/10/04 16:54:33 [notice] 23#23: exit
2024/10/04 16:54:33 [notice] 27#27: exit
2024/10/04 16:54:33 [notice] 1#1: signal 17 (SIGCHLD) received from 21
2024/10/04 16:54:33 [notice] 1#1: worker process 21 exited with code 0
2024/10/04 16:54:33 [notice] 1#1: signal 29 (SIGIO) received
2024/10/04 16:54:33 [notice] 1#1: signal 17 (SIGCHLD) received from 20
2024/10/04 16:54:33 [notice] 1#1: worker process 20 exited with code 0
2024/10/04 16:54:33 [notice] 1#1: worker process 23 exited with code 0
2024/10/04 16:54:33 [notice] 1#1: worker process 25 exited with code 0
2024/10/04 16:54:33 [notice] 1#1: signal 29 (SIGIO) received
2024/10/04 16:54:33 [notice] 1#1: signal 17 (SIGCHLD) received from 23
2024/10/04 16:54:33 [notice] 1#1: worker process 24 exited with code 0
2024/10/04 16:54:33 [notice] 1#1: worker process 27 exited with code 0
2024/10/04 16:54:33 [notice] 1#1: signal 29 (SIGIO) received
2024/10/04 16:54:33 [notice] 1#1: signal 17 (SIGCHLD) received from 24
2024/10/04 16:54:33 [notice] 1#1: signal 17 (SIGCHLD) received from 22
2024/10/04 16:54:33 [notice] 1#1: worker process 22 exited with code 0
2024/10/04 16:54:33 [notice] 1#1: worker process 26 exited with code 0
2024/10/04 16:54:33 [notice] 1#1: exit
2024/10/05 04:00:32 [notice] 1#1: using the "epoll" event method
2024/10/05 04:00:32 [notice] 1#1: nginx/1.27.2
2024/10/05 04:00:32 [notice] 1#1: built by gcc 12.2.0 (Debian 12.2.0-14) 
2024/10/05 04:00:32 [notice] 1#1: OS: Linux 6.6.32-linuxkit
2024/10/05 04:00:32 [notice] 1#1: getrlimit(RLIMIT_NOFILE): 1048576:1048576
2024/10/05 04:00:32 [notice] 1#1: start worker processes
2024/10/05 04:00:32 [notice] 1#1: start worker process 20
2024/10/05 04:00:32 [notice] 1#1: start worker process 21
2024/10/05 04:00:32 [notice] 1#1: start worker process 22
2024/10/05 04:00:32 [notice] 1#1: start worker process 23
2024/10/05 04:00:32 [notice] 1#1: start worker process 24
2024/10/05 04:00:32 [notice] 1#1: start worker process 25
2024/10/05 04:00:32 [notice] 1#1: start worker process 26
2024/10/05 04:00:32 [notice] 1#1: start worker process 27
2024/10/05 11:21:09 [notice] 1#1: using the "epoll" event method
2024/10/05 11:21:09 [notice] 1#1: nginx/1.27.2
2024/10/05 11:21:09 [notice] 1#1: built by gcc 12.2.0 (Debian 12.2.0-14) 
2024/10/05 11:21:09 [notice] 1#1: OS: Linux 6.6.32-linuxkit
2024/10/05 11:21:09 [notice] 1#1: getrlimit(RLIMIT_NOFILE): 1048576:1048576
2024/10/05 11:21:09 [notice] 1#1: start worker processes
2024/10/05 11:21:09 [notice] 1#1: start worker process 20
2024/10/05 11:21:09 [notice] 1#1: start worker process 21
2024/10/05 11:21:09 [notice] 1#1: start worker process 22
2024/10/05 11:21:09 [notice] 1#1: start worker process 23
2024/10/05 11:21:09 [notice] 1#1: start worker process 24
2024/10/05 11:21:09 [notice] 1#1: start worker process 25
2024/10/05 11:21:09 [notice] 1#1: start worker process 26
2024/10/05 11:21:09 [notice] 1#1: start worker process 27
2024/10/07 04:40:53 [notice] 1#1: using the "epoll" event method
2024/10/07 04:40:53 [notice] 1#1: nginx/1.27.2
2024/10/07 04:40:53 [notice] 1#1: built by gcc 12.2.0 (Debian 12.2.0-14) 
2024/10/07 04:40:53 [notice] 1#1: OS: Linux 6.6.32-linuxkit
2024/10/07 04:40:53 [notice] 1#1: getrlimit(RLIMIT_NOFILE): 1048576:1048576
2024/10/07 04:40:53 [notice] 1#1: start worker processes
2024/10/07 04:40:53 [notice] 1#1: start worker process 20
2024/10/07 04:40:53 [notice] 1#1: start worker process 21
2024/10/07 04:40:53 [notice] 1#1: start worker process 22
2024/10/07 04:40:53 [notice] 1#1: start worker process 23
2024/10/07 04:40:53 [notice] 1#1: start worker process 24
2024/10/07 04:40:53 [notice] 1#1: start worker process 25
2024/10/07 04:40:53 [notice] 1#1: start worker process 26
2024/10/07 04:40:53 [notice] 1#1: start worker process 27
2024/10/07 06:55:44 [notice] 1#1: signal 3 (SIGQUIT) received, shutting down
2024/10/07 06:55:44 [notice] 23#23: gracefully shutting down
2024/10/07 06:55:44 [notice] 20#20: gracefully shutting down
2024/10/07 06:55:44 [notice] 21#21: gracefully shutting down
2024/10/07 06:55:44 [notice] 22#22: gracefully shutting down
2024/10/07 06:55:44 [notice] 27#27: gracefully shutting down
2024/10/07 06:55:44 [notice] 20#20: exiting
2024/10/07 06:55:44 [notice] 24#24: gracefully shutting down
2024/10/07 06:55:44 [notice] 23#23: exiting
2024/10/07 06:55:44 [notice] 26#26: gracefully shutting down
2024/10/07 06:55:44 [notice] 25#25: gracefully shutting down
2024/10/07 06:55:44 [notice] 24#24: exiting
2024/10/07 06:55:44 [notice] 25#25: exiting
2024/10/07 06:55:44 [notice] 26#26: exiting
2024/10/07 06:55:44 [notice] 24#24: exit
2024/10/07 06:55:44 [notice] 25#25: exit
2024/10/07 06:55:44 [notice] 22#22: exiting
2024/10/07 06:55:44 [notice] 20#20: exit
2024/10/07 06:55:44 [notice] 22#22: exit
2024/10/07 06:55:44 [notice] 23#23: exit
2024/10/07 06:55:44 [notice] 26#26: exit
2024/10/07 06:55:44 [notice] 21#21: exiting
2024/10/07 06:55:44 [notice] 27#27: exiting
2024/10/07 06:55:44 [notice] 21#21: exit
2024/10/07 06:55:44 [notice] 27#27: exit
2024/10/07 06:55:44 [notice] 1#1: signal 17 (SIGCHLD) received from 21
2024/10/07 06:55:44 [notice] 1#1: worker process 21 exited with code 0
2024/10/07 06:55:44 [notice] 1#1: worker process 22 exited with code 0
2024/10/07 06:55:44 [notice] 1#1: worker process 20 exited with code 0
2024/10/07 06:55:44 [notice] 1#1: worker process 23 exited with code 0
2024/10/07 06:55:44 [notice] 1#1: worker process 25 exited with code 0
2024/10/07 06:55:44 [notice] 1#1: worker process 26 exited with code 0
2024/10/07 06:55:44 [notice] 1#1: signal 29 (SIGIO) received
2024/10/07 06:55:44 [notice] 1#1: signal 17 (SIGCHLD) received from 22
2024/10/07 06:55:44 [notice] 1#1: signal 17 (SIGCHLD) received from 24
2024/10/07 06:55:44 [notice] 1#1: worker process 24 exited with code 0
2024/10/07 06:55:44 [notice] 1#1: worker process 27 exited with code 0
2024/10/07 06:55:44 [notice] 1#1: exit
2024/10/07 08:50:58 [notice] 1#1: using the "epoll" event method
2024/10/07 08:50:58 [notice] 1#1: nginx/1.27.2
2024/10/07 08:50:58 [notice] 1#1: built by gcc 12.2.0 (Debian 12.2.0-14) 
2024/10/07 08:50:58 [notice] 1#1: OS: Linux 6.6.32-linuxkit
2024/10/07 08:50:58 [notice] 1#1: getrlimit(RLIMIT_NOFILE): 1048576:1048576
2024/10/07 08:50:58 [notice] 1#1: start worker processes
2024/10/07 08:50:58 [notice] 1#1: start worker process 20
2024/10/07 08:50:58 [notice] 1#1: start worker process 21
2024/10/07 08:50:58 [notice] 1#1: start worker process 22
2024/10/07 08:50:58 [notice] 1#1: start worker process 23
2024/10/07 08:50:58 [notice] 1#1: start worker process 24
2024/10/07 08:50:58 [notice] 1#1: start worker process 25
2024/10/07 08:50:58 [notice] 1#1: start worker process 26
2024/10/07 08:50:58 [notice] 1#1: start worker process 27
2024/10/07 08:51:46 [notice] 1#1: signal 3 (SIGQUIT) received, shutting down
2024/10/07 08:51:46 [notice] 20#20: gracefully shutting down
2024/10/07 08:51:46 [notice] 26#26: gracefully shutting down
2024/10/07 08:51:46 [notice] 26#26: exiting
2024/10/07 08:51:46 [notice] 27#27: gracefully shutting down
2024/10/07 08:51:46 [notice] 22#22: gracefully shutting down
2024/10/07 08:51:46 [notice] 22#22: exiting
2024/10/07 08:51:46 [notice] 21#21: gracefully shutting down
2024/10/07 08:51:46 [notice] 24#24: gracefully shutting down
2024/10/07 08:51:46 [notice] 25#25: gracefully shutting down
2024/10/07 08:51:46 [notice] 23#23: gracefully shutting down
2024/10/07 08:51:46 [notice] 20#20: exiting
2024/10/07 08:51:46 [notice] 27#27: exiting
2024/10/07 08:51:46 [notice] 20#20: exit
2024/10/07 08:51:46 [notice] 26#26: exit
2024/10/07 08:51:46 [notice] 22#22: exit
2024/10/07 08:51:46 [notice] 21#21: exiting
2024/10/07 08:51:46 [notice] 24#24: exiting
2024/10/07 08:51:46 [notice] 25#25: exiting
2024/10/07 08:51:46 [notice] 24#24: exit
2024/10/07 08:51:46 [notice] 23#23: exiting
2024/10/07 08:51:46 [notice] 27#27: exit
2024/10/07 08:51:46 [notice] 23#23: exit
2024/10/07 08:51:46 [notice] 21#21: exit
2024/10/07 08:51:46 [notice] 25#25: exit
2024/10/07 08:51:46 [notice] 1#1: signal 17 (SIGCHLD) received from 27
2024/10/07 08:51:46 [notice] 1#1: worker process 22 exited with code 0
2024/10/07 08:51:46 [notice] 1#1: worker process 23 exited with code 0
2024/10/07 08:51:46 [notice] 1#1: worker process 20 exited with code 0
2024/10/07 08:51:46 [notice] 1#1: worker process 21 exited with code 0
2024/10/07 08:51:46 [notice] 1#1: worker process 24 exited with code 0
2024/10/07 08:51:46 [notice] 1#1: worker process 26 exited with code 0
2024/10/07 08:51:46 [notice] 1#1: worker process 27 exited with code 0
2024/10/07 08:51:46 [notice] 1#1: signal 29 (SIGIO) received
2024/10/07 08:51:46 [notice] 1#1: signal 17 (SIGCHLD) received from 23
2024/10/07 08:51:46 [notice] 1#1: worker process 25 exited with code 0
2024/10/07 08:51:46 [notice] 1#1: exit
2024/10/07 08:51:51 [notice] 1#1: using the "epoll" event method
2024/10/07 08:51:51 [notice] 1#1: nginx/1.27.2
2024/10/07 08:51:51 [notice] 1#1: built by gcc 12.2.0 (Debian 12.2.0-14) 
2024/10/07 08:51:51 [notice] 1#1: OS: Linux 6.6.32-linuxkit
2024/10/07 08:51:51 [notice] 1#1: getrlimit(RLIMIT_NOFILE): 1048576:1048576
2024/10/07 08:51:51 [notice] 1#1: start worker processes
2024/10/07 08:51:51 [notice] 1#1: start worker process 20
2024/10/07 08:51:51 [notice] 1#1: start worker process 21
2024/10/07 08:51:51 [notice] 1#1: start worker process 22
2024/10/07 08:51:51 [notice] 1#1: start worker process 23
2024/10/07 08:51:51 [notice] 1#1: start worker process 24
2024/10/07 08:51:51 [notice] 1#1: start worker process 25
2024/10/07 08:51:51 [notice] 1#1: start worker process 26
2024/10/07 08:51:51 [notice] 1#1: start worker process 27
2024/10/07 09:07:10 [notice] 1#1: signal 3 (SIGQUIT) received, shutting down
2024/10/07 09:07:10 [notice] 20#20: gracefully shutting down
2024/10/07 09:07:10 [notice] 23#23: gracefully shutting down
2024/10/07 09:07:10 [notice] 23#23: exiting
2024/10/07 09:07:10 [notice] 26#26: gracefully shutting down
2024/10/07 09:07:10 [notice] 21#21: gracefully shutting down
2024/10/07 09:07:10 [notice] 21#21: exiting
2024/10/07 09:07:10 [notice] 22#22: gracefully shutting down
2024/10/07 09:07:10 [notice] 22#22: exiting
2024/10/07 09:07:10 [notice] 27#27: gracefully shutting down
2024/10/07 09:07:10 [notice] 20#20: exiting
2024/10/07 09:07:10 [notice] 24#24: gracefully shutting down
2024/10/07 09:07:10 [notice] 24#24: exiting
2024/10/07 09:07:10 [notice] 25#25: gracefully shutting down
2024/10/07 09:07:10 [notice] 23#23: exit
2024/10/07 09:07:10 [notice] 26#26: exiting
2024/10/07 09:07:10 [notice] 26#26: exit
2024/10/07 09:07:10 [notice] 21#21: exit
2024/10/07 09:07:10 [notice] 22#22: exit
2024/10/07 09:07:10 [notice] 27#27: exiting
2024/10/07 09:07:10 [notice] 20#20: exit
2024/10/07 09:07:10 [notice] 24#24: exit
2024/10/07 09:07:10 [notice] 25#25: exiting
2024/10/07 09:07:10 [notice] 25#25: exit
2024/10/07 09:07:10 [notice] 27#27: exit
2024/10/07 09:07:10 [notice] 1#1: signal 17 (SIGCHLD) received from 22
2024/10/07 09:07:10 [notice] 1#1: worker process 21 exited with code 0
2024/10/07 09:07:10 [notice] 1#1: worker process 22 exited with code 0
2024/10/07 09:07:10 [notice] 1#1: worker process 23 exited with code 0
2024/10/07 09:07:10 [notice] 1#1: worker process 26 exited with code 0
2024/10/07 09:07:10 [notice] 1#1: signal 29 (SIGIO) received
2024/10/07 09:07:10 [notice] 1#1: signal 17 (SIGCHLD) received from 23
2024/10/07 09:07:10 [notice] 1#1: worker process 24 exited with code 0
2024/10/07 09:07:10 [notice] 1#1: worker process 25 exited with code 0
2024/10/07 09:07:10 [notice] 1#1: signal 29 (SIGIO) received
2024/10/07 09:07:10 [notice] 1#1: signal 17 (SIGCHLD) received from 25
2024/10/07 09:07:10 [notice] 1#1: signal 17 (SIGCHLD) received from 27
2024/10/07 09:07:10 [notice] 1#1: worker process 20 exited with code 0
2024/10/07 09:07:10 [notice] 1#1: worker process 27 exited with code 0
2024/10/07 09:07:10 [notice] 1#1: exit
2024/10/07 09:08:58 [notice] 1#1: using the "epoll" event method
2024/10/07 09:08:58 [notice] 1#1: nginx/1.27.2
2024/10/07 09:08:58 [notice] 1#1: built by gcc 12.2.0 (Debian 12.2.0-14) 
2024/10/07 09:08:58 [notice] 1#1: OS: Linux 6.6.32-linuxkit
2024/10/07 09:08:58 [notice] 1#1: getrlimit(RLIMIT_NOFILE): 1048576:1048576
2024/10/07 09:08:58 [notice] 1#1: start worker processes
2024/10/07 09:08:58 [notice] 1#1: start worker process 20
2024/10/07 09:08:58 [notice] 1#1: start worker process 21
2024/10/07 09:08:58 [notice] 1#1: start worker process 22
2024/10/07 09:08:58 [notice] 1#1: start worker process 23
2024/10/07 09:08:58 [notice] 1#1: start worker process 24
2024/10/07 09:08:58 [notice] 1#1: start worker process 25
2024/10/07 09:08:58 [notice] 1#1: start worker process 26
2024/10/07 09:08:58 [notice] 1#1: start worker process 27
2024/10/07 09:36:02 [notice] 1#1: signal 3 (SIGQUIT) received, shutting down
2024/10/07 09:36:02 [notice] 23#23: gracefully shutting down
2024/10/07 09:36:02 [notice] 23#23: exiting
2024/10/07 09:36:02 [notice] 20#20: gracefully shutting down
2024/10/07 09:36:02 [notice] 21#21: gracefully shutting down
2024/10/07 09:36:02 [notice] 22#22: gracefully shutting down
2024/10/07 09:36:02 [notice] 26#26: gracefully shutting down
2024/10/07 09:36:02 [notice] 24#24: gracefully shutting down
2024/10/07 09:36:02 [notice] 27#27: gracefully shutting down
2024/10/07 09:36:02 [notice] 25#25: gracefully shutting down
2024/10/07 09:36:02 [notice] 20#20: exiting
2024/10/07 09:36:02 [notice] 21#21: exiting
2024/10/07 09:36:02 [notice] 22#22: exiting
2024/10/07 09:36:02 [notice] 26#26: exiting
2024/10/07 09:36:02 [notice] 22#22: exit
2024/10/07 09:36:02 [notice] 24#24: exiting
2024/10/07 09:36:02 [notice] 23#23: exit
2024/10/07 09:36:02 [notice] 27#27: exiting
2024/10/07 09:36:02 [notice] 25#25: exiting
2024/10/07 09:36:02 [notice] 27#27: exit
2024/10/07 09:36:02 [notice] 20#20: exit
2024/10/07 09:36:02 [notice] 21#21: exit
2024/10/07 09:36:02 [notice] 26#26: exit
2024/10/07 09:36:02 [notice] 24#24: exit
2024/10/07 09:36:02 [notice] 25#25: exit
2024/10/07 09:36:02 [notice] 1#1: signal 17 (SIGCHLD) received from 23
2024/10/07 09:36:02 [notice] 1#1: worker process 22 exited with code 0
2024/10/07 09:36:02 [notice] 1#1: worker process 23 exited with code 0
2024/10/07 09:36:02 [notice] 1#1: signal 29 (SIGIO) received
2024/10/07 09:36:02 [notice] 1#1: signal 17 (SIGCHLD) received from 22
2024/10/07 09:36:02 [notice] 1#1: signal 17 (SIGCHLD) received from 26
2024/10/07 09:36:02 [notice] 1#1: worker process 26 exited with code 0
2024/10/07 09:36:02 [notice] 1#1: signal 29 (SIGIO) received
2024/10/07 09:36:02 [notice] 1#1: signal 17 (SIGCHLD) received from 25
2024/10/07 09:36:02 [notice] 1#1: worker process 25 exited with code 0
2024/10/07 09:36:02 [notice] 1#1: signal 29 (SIGIO) received
2024/10/07 09:36:02 [notice] 1#1: signal 17 (SIGCHLD) received from 20
2024/10/07 09:36:02 [notice] 1#1: worker process 20 exited with code 0
2024/10/07 09:36:02 [notice] 1#1: signal 29 (SIGIO) received
2024/10/07 09:36:02 [notice] 1#1: signal 17 (SIGCHLD) received from 21
2024/10/07 09:36:02 [notice] 1#1: worker process 21 exited with code 0
2024/10/07 09:36:02 [notice] 1#1: worker process 24 exited with code 0
2024/10/07 09:36:02 [notice] 1#1: worker process 27 exited with code 0
2024/10/07 09:36:02 [notice] 1#1: exit
2024/10/08 09:21:41 [notice] 1#1: using the "epoll" event method
2024/10/08 09:21:41 [notice] 1#1: nginx/1.27.2
2024/10/08 09:21:41 [notice] 1#1: built by gcc 12.2.0 (Debian 12.2.0-14) 
2024/10/08 09:21:41 [notice] 1#1: OS: Linux 6.6.32-linuxkit
2024/10/08 09:21:41 [notice] 1#1: getrlimit(RLIMIT_NOFILE): 1048576:1048576
2024/10/08 09:21:41 [notice] 1#1: start worker processes
2024/10/08 09:21:41 [notice] 1#1: start worker process 20
2024/10/08 09:21:41 [notice] 1#1: start worker process 21
2024/10/08 09:21:41 [notice] 1#1: start worker process 22
2024/10/08 09:21:41 [notice] 1#1: start worker process 23
2024/10/08 09:21:41 [notice] 1#1: start worker process 24
2024/10/08 09:21:41 [notice] 1#1: start worker process 25
2024/10/08 09:21:41 [notice] 1#1: start worker process 26
2024/10/08 09:21:41 [notice] 1#1: start worker process 27
2024/10/08 12:40:08 [notice] 1#1: signal 3 (SIGQUIT) received, shutting down
2024/10/08 12:40:08 [notice] 20#20: gracefully shutting down
2024/10/08 12:40:08 [notice] 27#27: gracefully shutting down
2024/10/08 12:40:08 [notice] 22#22: gracefully shutting down
2024/10/08 12:40:08 [notice] 25#25: gracefully shutting down
2024/10/08 12:40:08 [notice] 21#21: gracefully shutting down
2024/10/08 12:40:08 [notice] 24#24: gracefully shutting down
2024/10/08 12:40:08 [notice] 23#23: gracefully shutting down
2024/10/08 12:40:08 [notice] 26#26: gracefully shutting down
2024/10/08 12:40:08 [notice] 27#27: exiting
2024/10/08 12:40:08 [notice] 21#21: exiting
2024/10/08 12:40:08 [notice] 20#20: exiting
2024/10/08 12:40:08 [notice] 24#24: exiting
2024/10/08 12:40:08 [notice] 25#25: exiting
2024/10/08 12:40:08 [notice] 24#24: exit
2024/10/08 12:40:08 [notice] 26#26: exiting
2024/10/08 12:40:08 [notice] 20#20: exit
2024/10/08 12:40:08 [notice] 27#27: exit
2024/10/08 12:40:08 [notice] 23#23: exiting
2024/10/08 12:40:08 [notice] 25#25: exit
2024/10/08 12:40:08 [notice] 21#21: exit
2024/10/08 12:40:08 [notice] 23#23: exit
2024/10/08 12:40:08 [notice] 26#26: exit
2024/10/08 12:40:08 [notice] 22#22: exiting
2024/10/08 12:40:08 [notice] 22#22: exit
2024/10/08 12:40:08 [notice] 1#1: signal 17 (SIGCHLD) received from 27
2024/10/08 12:40:08 [notice] 1#1: worker process 27 exited with code 0
2024/10/08 12:40:08 [notice] 1#1: worker process 24 exited with code 0
2024/10/08 12:40:08 [notice] 1#1: signal 29 (SIGIO) received
2024/10/08 12:40:08 [notice] 1#1: signal 17 (SIGCHLD) received from 24
2024/10/08 12:40:08 [notice] 1#1: worker process 20 exited with code 0
2024/10/08 12:40:08 [notice] 1#1: signal 29 (SIGIO) received
2024/10/08 12:40:08 [notice] 1#1: signal 17 (SIGCHLD) received from 20
2024/10/08 12:40:08 [notice] 1#1: signal 17 (SIGCHLD) received from 23
2024/10/08 12:40:08 [notice] 1#1: worker process 23 exited with code 0
2024/10/08 12:40:08 [notice] 1#1: signal 29 (SIGIO) received
2024/10/08 12:40:08 [notice] 1#1: signal 17 (SIGCHLD) received from 25
2024/10/08 12:40:08 [notice] 1#1: worker process 21 exited with code 0
2024/10/08 12:40:08 [notice] 1#1: worker process 25 exited with code 0
2024/10/08 12:40:08 [notice] 1#1: worker process 26 exited with code 0
2024/10/08 12:40:08 [notice] 1#1: signal 29 (SIGIO) received
2024/10/08 12:40:08 [notice] 1#1: signal 17 (SIGCHLD) received from 22
2024/10/08 12:40:08 [notice] 1#1: worker process 22 exited with code 0
2024/10/08 12:40:08 [notice] 1#1: exit
2024/10/09 09:32:13 [notice] 1#1: using the "epoll" event method
2024/10/09 09:32:13 [notice] 1#1: nginx/1.27.2
2024/10/09 09:32:13 [notice] 1#1: built by gcc 12.2.0 (Debian 12.2.0-14) 
2024/10/09 09:32:13 [notice] 1#1: OS: Linux 6.6.32-linuxkit
2024/10/09 09:32:13 [notice] 1#1: getrlimit(RLIMIT_NOFILE): 1048576:1048576
2024/10/09 09:32:13 [notice] 1#1: start worker processes
2024/10/09 09:32:13 [notice] 1#1: start worker process 20
2024/10/09 09:32:13 [notice] 1#1: start worker process 21
2024/10/09 09:32:13 [notice] 1#1: start worker process 22
2024/10/09 09:32:13 [notice] 1#1: start worker process 23
2024/10/09 09:32:13 [notice] 1#1: start worker process 24
2024/10/09 09:32:13 [notice] 1#1: start worker process 25
2024/10/09 09:32:13 [notice] 1#1: start worker process 26
2024/10/09 09:32:13 [notice] 1#1: start worker process 27
2024/10/09 12:12:13 [notice] 1#1: signal 3 (SIGQUIT) received, shutting down
2024/10/09 12:12:13 [notice] 26#26: gracefully shutting down
2024/10/09 12:12:13 [notice] 23#23: gracefully shutting down
2024/10/09 12:12:13 [notice] 20#20: gracefully shutting down
2024/10/09 12:12:13 [notice] 22#22: gracefully shutting down
2024/10/09 12:12:13 [notice] 27#27: gracefully shutting down
2024/10/09 12:12:13 [notice] 25#25: gracefully shutting down
2024/10/09 12:12:13 [notice] 21#21: gracefully shutting down
2024/10/09 12:12:13 [notice] 24#24: gracefully shutting down
2024/10/09 12:12:13 [notice] 26#26: exiting
2024/10/09 12:12:13 [notice] 23#23: exiting
2024/10/09 12:12:13 [notice] 27#27: exiting
2024/10/09 12:12:13 [notice] 20#20: exiting
2024/10/09 12:12:13 [notice] 25#25: exiting
2024/10/09 12:12:13 [notice] 21#21: exiting
2024/10/09 12:12:13 [notice] 23#23: exit
2024/10/09 12:12:13 [notice] 26#26: exit
2024/10/09 12:12:13 [notice] 22#22: exiting
2024/10/09 12:12:13 [notice] 20#20: exit
2024/10/09 12:12:13 [notice] 27#27: exit
2024/10/09 12:12:13 [notice] 25#25: exit
2024/10/09 12:12:13 [notice] 21#21: exit
2024/10/09 12:12:13 [notice] 24#24: exiting
2024/10/09 12:12:13 [notice] 22#22: exit
2024/10/09 12:12:13 [notice] 24#24: exit
2024/10/09 12:12:13 [notice] 1#1: signal 17 (SIGCHLD) received from 27
2024/10/09 12:12:13 [notice] 1#1: worker process 20 exited with code 0
2024/10/09 12:12:13 [notice] 1#1: worker process 21 exited with code 0
2024/10/09 12:12:13 [notice] 1#1: worker process 22 exited with code 0
2024/10/09 12:12:13 [notice] 1#1: worker process 23 exited with code 0
2024/10/09 12:12:13 [notice] 1#1: worker process 24 exited with code 0
2024/10/09 12:12:13 [notice] 1#1: worker process 25 exited with code 0
2024/10/09 12:12:13 [notice] 1#1: worker process 26 exited with code 0
2024/10/09 12:12:13 [notice] 1#1: worker process 27 exited with code 0
2024/10/09 12:12:13 [notice] 1#1: exit
2024/10/10 14:21:54 [notice] 1#1: using the "epoll" event method
2024/10/10 14:21:54 [notice] 1#1: nginx/1.27.2
2024/10/10 14:21:54 [notice] 1#1: built by gcc 12.2.0 (Debian 12.2.0-14) 
2024/10/10 14:21:54 [notice] 1#1: OS: Linux 6.6.32-linuxkit
2024/10/10 14:21:54 [notice] 1#1: getrlimit(RLIMIT_NOFILE): 1048576:1048576
2024/10/10 14:21:54 [notice] 1#1: start worker processes
2024/10/10 14:21:54 [notice] 1#1: start worker process 21
2024/10/10 14:21:54 [notice] 1#1: start worker process 22
2024/10/10 14:21:54 [notice] 1#1: start worker process 23
2024/10/10 14:21:54 [notice] 1#1: start worker process 24
2024/10/10 14:21:54 [notice] 1#1: start worker process 25
2024/10/10 14:21:54 [notice] 1#1: start worker process 26
2024/10/10 14:21:54 [notice] 1#1: start worker process 27
2024/10/10 14:21:54 [notice] 1#1: start worker process 28
2024/10/10 15:02:18 [notice] 1#1: signal 3 (SIGQUIT) received, shutting down
2024/10/10 15:02:18 [notice] 23#23: gracefully shutting down
2024/10/10 15:02:18 [notice] 26#26: gracefully shutting down
2024/10/10 15:02:18 [notice] 22#22: gracefully shutting down
2024/10/10 15:02:18 [notice] 25#25: gracefully shutting down
2024/10/10 15:02:18 [notice] 28#28: gracefully shutting down
2024/10/10 15:02:18 [notice] 24#24: gracefully shutting down
2024/10/10 15:02:18 [notice] 27#27: gracefully shutting down
2024/10/10 15:02:18 [notice] 21#21: gracefully shutting down
2024/10/10 15:02:18 [notice] 23#23: exiting
2024/10/10 15:02:18 [notice] 26#26: exiting
2024/10/10 15:02:18 [notice] 23#23: exit
2024/10/10 15:02:18 [notice] 22#22: exiting
2024/10/10 15:02:18 [notice] 25#25: exiting
2024/10/10 15:02:18 [notice] 28#28: exiting
2024/10/10 15:02:18 [notice] 25#25: exit
2024/10/10 15:02:18 [notice] 24#24: exiting
2024/10/10 15:02:18 [notice] 27#27: exiting
2024/10/10 15:02:18 [notice] 24#24: exit
2024/10/10 15:02:18 [notice] 21#21: exiting
2024/10/10 15:02:18 [notice] 26#26: exit
2024/10/10 15:02:18 [notice] 22#22: exit
2024/10/10 15:02:18 [notice] 28#28: exit
2024/10/10 15:02:18 [notice] 27#27: exit
2024/10/10 15:02:18 [notice] 21#21: exit
2024/10/10 15:02:18 [notice] 1#1: signal 17 (SIGCHLD) received from 28
2024/10/10 15:02:18 [notice] 1#1: worker process 21 exited with code 0
2024/10/10 15:02:18 [notice] 1#1: worker process 28 exited with code 0
2024/10/10 15:02:18 [notice] 1#1: signal 29 (SIGIO) received
2024/10/10 15:02:18 [notice] 1#1: signal 17 (SIGCHLD) received from 24
2024/10/10 15:02:18 [notice] 1#1: worker process 24 exited with code 0
2024/10/10 15:02:18 [notice] 1#1: signal 29 (SIGIO) received
2024/10/10 15:02:18 [notice] 1#1: signal 17 (SIGCHLD) received from 22
2024/10/10 15:02:18 [notice] 1#1: worker process 22 exited with code 0
2024/10/10 15:02:18 [notice] 1#1: worker process 26 exited with code 0
2024/10/10 15:02:18 [notice] 1#1: signal 29 (SIGIO) received
2024/10/10 15:02:18 [notice] 1#1: signal 17 (SIGCHLD) received from 23
2024/10/10 15:02:18 [notice] 1#1: worker process 23 exited with code 0
2024/10/10 15:02:18 [notice] 1#1: worker process 25 exited with code 0
2024/10/10 15:02:18 [notice] 1#1: worker process 27 exited with code 0
2024/10/10 15:02:18 [notice] 1#1: exit
2024/10/11 10:12:34 [notice] 1#1: using the "epoll" event method
2024/10/11 10:12:34 [notice] 1#1: nginx/1.27.2
2024/10/11 10:12:34 [notice] 1#1: built by gcc 12.2.0 (Debian 12.2.0-14) 
2024/10/11 10:12:34 [notice] 1#1: OS: Linux 6.6.32-linuxkit
2024/10/11 10:12:34 [notice] 1#1: getrlimit(RLIMIT_NOFILE): 1048576:1048576
2024/10/11 10:12:34 [notice] 1#1: start worker processes
2024/10/11 10:12:34 [notice] 1#1: start worker process 20
2024/10/11 10:12:34 [notice] 1#1: start worker process 21
2024/10/11 10:12:34 [notice] 1#1: start worker process 22
2024/10/11 10:12:34 [notice] 1#1: start worker process 23
2024/10/11 10:12:34 [notice] 1#1: start worker process 24
2024/10/11 10:12:34 [notice] 1#1: start worker process 25
2024/10/11 10:12:34 [notice] 1#1: start worker process 26
2024/10/11 10:12:34 [notice] 1#1: start worker process 27
2024/10/11 13:00:16 [notice] 1#1: signal 3 (SIGQUIT) received, shutting down
2024/10/11 13:00:16 [notice] 20#20: gracefully shutting down
2024/10/11 13:00:16 [notice] 26#26: gracefully shutting down
2024/10/11 13:00:16 [notice] 24#24: gracefully shutting down
2024/10/11 13:00:16 [notice] 22#22: gracefully shutting down
2024/10/11 13:00:16 [notice] 24#24: exiting
2024/10/11 13:00:16 [notice] 25#25: gracefully shutting down
2024/10/11 13:00:16 [notice] 27#27: gracefully shutting down
2024/10/11 13:00:16 [notice] 23#23: gracefully shutting down
2024/10/11 13:00:16 [notice] 21#21: gracefully shutting down
2024/10/11 13:00:16 [notice] 25#25: exiting
2024/10/11 13:00:16 [notice] 20#20: exiting
2024/10/11 13:00:16 [notice] 26#26: exiting
2024/10/11 13:00:16 [notice] 22#22: exiting
2024/10/11 13:00:16 [notice] 24#24: exit
2024/10/11 13:00:16 [notice] 27#27: exiting
2024/10/11 13:00:16 [notice] 23#23: exiting
2024/10/11 13:00:16 [notice] 21#21: exiting
2024/10/11 13:00:16 [notice] 25#25: exit
2024/10/11 13:00:16 [notice] 20#20: exit
2024/10/11 13:00:16 [notice] 26#26: exit
2024/10/11 13:00:16 [notice] 22#22: exit
2024/10/11 13:00:16 [notice] 27#27: exit
2024/10/11 13:00:16 [notice] 23#23: exit
2024/10/11 13:00:16 [notice] 21#21: exit
2024/10/11 13:00:16 [notice] 1#1: signal 17 (SIGCHLD) received from 23
2024/10/11 13:00:16 [notice] 1#1: worker process 21 exited with code 0
2024/10/11 13:00:16 [notice] 1#1: worker process 20 exited with code 0
2024/10/11 13:00:16 [notice] 1#1: worker process 22 exited with code 0
2024/10/11 13:00:16 [notice] 1#1: worker process 23 exited with code 0
2024/10/11 13:00:16 [notice] 1#1: worker process 24 exited with code 0
2024/10/11 13:00:16 [notice] 1#1: worker process 25 exited with code 0
2024/10/11 13:00:16 [notice] 1#1: worker process 26 exited with code 0
2024/10/11 13:00:16 [notice] 1#1: worker process 27 exited with code 0
2024/10/11 13:00:16 [notice] 1#1: exit
2024/10/12 05:08:14 [notice] 1#1: using the "epoll" event method
2024/10/12 05:08:14 [notice] 1#1: nginx/1.27.2
2024/10/12 05:08:14 [notice] 1#1: built by gcc 12.2.0 (Debian 12.2.0-14) 
2024/10/12 05:08:14 [notice] 1#1: OS: Linux 6.6.32-linuxkit
2024/10/12 05:08:14 [notice] 1#1: getrlimit(RLIMIT_NOFILE): 1048576:1048576
2024/10/12 05:08:14 [notice] 1#1: start worker processes
2024/10/12 05:08:14 [notice] 1#1: start worker process 20
2024/10/12 05:08:14 [notice] 1#1: start worker process 21
2024/10/12 05:08:14 [notice] 1#1: start worker process 22
2024/10/12 05:08:14 [notice] 1#1: start worker process 23
2024/10/12 05:08:14 [notice] 1#1: start worker process 24
2024/10/12 05:08:14 [notice] 1#1: start worker process 25
2024/10/12 05:08:14 [notice] 1#1: start worker process 26
2024/10/12 05:08:14 [notice] 1#1: start worker process 27
